<<<<<<< HEAD
Started GET "/" for 127.0.0.1 at 2018-05-28 11:30:52 +0200
Processing by Rails::WelcomeController#index as HTML
  Rendering /Users/geraldy/.rvm/rubies/ruby-2.3.4/lib/ruby/gems/2.3.0/gems/railties-5.2.0/lib/rails/templates/rails/welcome/index.html.erb
  Rendered /Users/geraldy/.rvm/rubies/ruby-2.3.4/lib/ruby/gems/2.3.0/gems/railties-5.2.0/lib/rails/templates/rails/welcome/index.html.erb (6.4ms)
Completed 200 OK in 46ms (Views: 17.7ms | ActiveRecord: 0.0ms)


  [1m[35m (0.1ms)[0m  [1m[34mSELECT sqlite_version(*)[0m
  ↳ /Users/geraldy/.rvm/gems/ruby-2.3.4/gems/rake-12.3.1/lib/rake/task.rb:271
  [1m[35m (1.4ms)[0m  [1m[35mCREATE TABLE "schema_migrations" ("version" varchar NOT NULL PRIMARY KEY)[0m
  ↳ /Users/geraldy/.rvm/gems/ruby-2.3.4/gems/rake-12.3.1/lib/rake/task.rb:271
  [1m[35m (5.9ms)[0m  [1m[35mCREATE TABLE "ar_internal_metadata" ("key" varchar NOT NULL PRIMARY KEY, "value" varchar, "created_at" datetime NOT NULL, "updated_at" datetime NOT NULL)[0m
  ↳ /Users/geraldy/.rvm/gems/ruby-2.3.4/gems/rake-12.3.1/lib/rake/task.rb:271
  [1m[36mActiveRecord::InternalMetadata Load (0.3ms)[0m  [1m[34mSELECT  "ar_internal_metadata".* FROM "ar_internal_metadata" WHERE "ar_internal_metadata"."key" = ? LIMIT ?[0m  [["key", "environment"], ["LIMIT", 1]]
  ↳ /Users/geraldy/.rvm/gems/ruby-2.3.4/gems/rake-12.3.1/lib/rake/task.rb:271
  [1m[35m (0.1ms)[0m  [1m[36mbegin transaction[0m
  ↳ /Users/geraldy/.rvm/gems/ruby-2.3.4/gems/rake-12.3.1/lib/rake/task.rb:271
  [1m[36mActiveRecord::InternalMetadata Create (0.5ms)[0m  [1m[32mINSERT INTO "ar_internal_metadata" ("key", "value", "created_at", "updated_at") VALUES (?, ?, ?, ?)[0m  [["key", "environment"], ["value", "development"], ["created_at", "2018-05-28 15:39:30.538541"], ["updated_at", "2018-05-28 15:39:30.538541"]]
  ↳ /Users/geraldy/.rvm/gems/ruby-2.3.4/gems/rake-12.3.1/lib/rake/task.rb:271
  [1m[35m (0.7ms)[0m  [1m[36mcommit transaction[0m
  ↳ /Users/geraldy/.rvm/gems/ruby-2.3.4/gems/rake-12.3.1/lib/rake/task.rb:271
  [1m[35m (0.1ms)[0m  [1m[34mSELECT "schema_migrations"."version" FROM "schema_migrations" ORDER BY "schema_migrations"."version" ASC[0m
  ↳ /Users/geraldy/.rvm/gems/ruby-2.3.4/gems/rake-12.3.1/lib/rake/task.rb:271
Started GET "/" for 127.0.0.1 at 2018-05-28 17:44:55 +0200
Processing by HomeController#index as HTML
  Rendering home/index.html.erb within layouts/application
  Rendered home/index.html.erb within layouts/application (3.7ms)
Completed 200 OK in 827ms (Views: 813.0ms | ActiveRecord: 0.0ms)


Started GET "/" for 127.0.0.1 at 2018-05-28 17:45:13 +0200
Processing by HomeController#index as HTML
  Rendering home/index.html.erb within layouts/application
  Rendered home/index.html.erb within layouts/application (0.8ms)
Completed 200 OK in 47ms (Views: 39.9ms | ActiveRecord: 0.0ms)


Started GET "/" for 127.0.0.1 at 2018-05-28 17:45:36 +0200
Processing by HomeController#index as HTML
  Rendering home/index.html.erb within layouts/application
  Rendered home/index.html.erb within layouts/application (0.4ms)
Completed 200 OK in 37ms (Views: 30.5ms | ActiveRecord: 0.0ms)


Started GET "/" for 127.0.0.1 at 2018-05-28 17:45:49 +0200
Processing by HomeController#index as HTML
  Rendering home/index.html.erb within layouts/application
  Rendered home/index.html.erb within layouts/application (0.6ms)
Completed 200 OK in 72ms (Views: 63.0ms | ActiveRecord: 0.0ms)


Started GET "/" for 127.0.0.1 at 2018-05-28 17:46:56 +0200
Processing by HomeController#index as HTML
  Rendering home/index.html.erb within layouts/application
  Rendered home/index.html.erb within layouts/application (1.2ms)
Completed 200 OK in 49ms (Views: 42.2ms | ActiveRecord: 0.0ms)


Started GET "/" for 127.0.0.1 at 2018-05-28 17:47:27 +0200
Processing by HomeController#index as HTML
  Rendering home/index.html.erb within layouts/application
  Rendered home/index.html.erb within layouts/application (0.5ms)
Completed 200 OK in 57ms (Views: 50.1ms | ActiveRecord: 0.0ms)


Started GET "/" for 127.0.0.1 at 2018-05-28 17:48:21 +0200
Processing by HomeController#index as HTML
  Rendering home/index.html.erb within layouts/application
  Rendered home/index.html.erb within layouts/application (0.4ms)
Completed 200 OK in 74ms (Views: 66.0ms | ActiveRecord: 0.0ms)


Started GET "/" for 127.0.0.1 at 2018-05-28 17:48:41 +0200
Processing by HomeController#index as HTML
  Rendering home/index.html.erb within layouts/application
  Rendered home/index.html.erb within layouts/application (0.6ms)
Completed 200 OK in 109ms (Views: 100.4ms | ActiveRecord: 0.0ms)


Started GET "/" for 127.0.0.1 at 2018-05-28 17:48:57 +0200
Processing by HomeController#index as HTML
  Rendering home/index.html.erb within layouts/application
  Rendered home/index.html.erb within layouts/application (0.4ms)
Completed 200 OK in 64ms (Views: 58.4ms | ActiveRecord: 0.0ms)


Started GET "/" for 127.0.0.1 at 2018-05-28 17:49:25 +0200
Processing by HomeController#index as HTML
  Rendering home/index.html.erb within layouts/application
  Rendered home/index.html.erb within layouts/application (0.5ms)
Completed 200 OK in 53ms (Views: 47.3ms | ActiveRecord: 0.0ms)


Started GET "/" for 127.0.0.1 at 2018-05-28 17:49:31 +0200
Processing by HomeController#index as HTML
  Rendering home/index.html.erb within layouts/application
  Rendered home/index.html.erb within layouts/application (0.4ms)
Completed 200 OK in 56ms (Views: 51.1ms | ActiveRecord: 0.0ms)


Started GET "/" for 127.0.0.1 at 2018-05-28 17:49:45 +0200
Processing by HomeController#index as HTML
  Rendering home/index.html.erb within layouts/application
  Rendered home/index.html.erb within layouts/application (0.3ms)
Completed 200 OK in 48ms (Views: 41.2ms | ActiveRecord: 0.0ms)


Started GET "/" for 127.0.0.1 at 2018-05-28 17:49:50 +0200
Processing by HomeController#index as HTML
  Rendering home/index.html.erb within layouts/application
  Rendered home/index.html.erb within layouts/application (0.6ms)
Completed 200 OK in 48ms (Views: 39.8ms | ActiveRecord: 0.0ms)


Started GET "/" for 127.0.0.1 at 2018-05-28 17:50:02 +0200
Processing by HomeController#index as HTML
  Rendering home/index.html.erb within layouts/application
  Rendered home/index.html.erb within layouts/application (0.3ms)
Completed 200 OK in 50ms (Views: 43.5ms | ActiveRecord: 0.0ms)


Started GET "/" for 127.0.0.1 at 2018-05-28 17:50:12 +0200
Processing by HomeController#index as HTML
  Rendering home/index.html.erb within layouts/application
  Rendered home/index.html.erb within layouts/application (0.4ms)
Completed 200 OK in 55ms (Views: 47.7ms | ActiveRecord: 0.0ms)


Started GET "/" for 127.0.0.1 at 2018-05-28 17:50:23 +0200
Processing by HomeController#index as HTML
  Rendering home/index.html.erb within layouts/application
  Rendered home/index.html.erb within layouts/application (0.3ms)
Completed 200 OK in 52ms (Views: 42.9ms | ActiveRecord: 0.0ms)


Started GET "/" for 127.0.0.1 at 2018-05-28 17:50:44 +0200
Processing by HomeController#index as HTML
  Rendering home/index.html.erb within layouts/application
  Rendered home/index.html.erb within layouts/application (0.4ms)
Completed 200 OK in 43ms (Views: 36.0ms | ActiveRecord: 0.0ms)


Started GET "/" for 127.0.0.1 at 2018-05-28 17:50:57 +0200
Processing by HomeController#index as HTML
  Rendering home/index.html.erb within layouts/application
  Rendered home/index.html.erb within layouts/application (0.4ms)
Completed 200 OK in 46ms (Views: 39.4ms | ActiveRecord: 0.0ms)


Started GET "/" for 127.0.0.1 at 2018-05-28 17:51:11 +0200
Processing by HomeController#index as HTML
  Rendering home/index.html.erb within layouts/application
  Rendered home/index.html.erb within layouts/application (0.3ms)
Completed 200 OK in 40ms (Views: 30.8ms | ActiveRecord: 0.0ms)


Started GET "/" for 127.0.0.1 at 2018-05-28 17:51:24 +0200
Processing by HomeController#index as HTML
  Rendering home/index.html.erb within layouts/application
  Rendered home/index.html.erb within layouts/application (0.4ms)
Completed 200 OK in 51ms (Views: 44.5ms | ActiveRecord: 0.0ms)


Started GET "/" for 127.0.0.1 at 2018-05-28 17:51:34 +0200
Processing by HomeController#index as HTML
  Rendering home/index.html.erb within layouts/application
  Rendered home/index.html.erb within layouts/application (0.7ms)
Completed 200 OK in 53ms (Views: 43.5ms | ActiveRecord: 0.0ms)


Started GET "/" for 127.0.0.1 at 2018-05-28 17:51:43 +0200
Processing by HomeController#index as HTML
  Rendering home/index.html.erb within layouts/application
  Rendered home/index.html.erb within layouts/application (0.4ms)
Completed 200 OK in 49ms (Views: 40.7ms | ActiveRecord: 0.0ms)


Started GET "/" for 127.0.0.1 at 2018-05-28 17:51:52 +0200
Processing by HomeController#index as HTML
  Rendering home/index.html.erb within layouts/application
  Rendered home/index.html.erb within layouts/application (0.6ms)
Completed 200 OK in 48ms (Views: 39.1ms | ActiveRecord: 0.0ms)


Started GET "/" for 127.0.0.1 at 2018-05-28 17:52:06 +0200
Processing by HomeController#index as HTML
  Rendering home/index.html.erb within layouts/application
  Rendered home/index.html.erb within layouts/application (0.8ms)
Completed 200 OK in 54ms (Views: 43.5ms | ActiveRecord: 0.0ms)


Started GET "/" for 127.0.0.1 at 2018-05-28 17:52:47 +0200
Processing by HomeController#index as HTML
  Rendering home/index.html.erb within layouts/application
  Rendered home/index.html.erb within layouts/application (0.4ms)
Completed 200 OK in 58ms (Views: 46.9ms | ActiveRecord: 0.0ms)


Started GET "/" for 127.0.0.1 at 2018-05-28 17:53:13 +0200
Processing by HomeController#index as HTML
  Rendering home/index.html.erb within layouts/application
  Rendered home/index.html.erb within layouts/application (0.4ms)
Completed 200 OK in 57ms (Views: 49.2ms | ActiveRecord: 0.0ms)


Started GET "/" for 127.0.0.1 at 2018-05-28 17:53:19 +0200
Processing by HomeController#index as HTML
  Rendering home/index.html.erb within layouts/application
  Rendered home/index.html.erb within layouts/application (0.6ms)
Completed 200 OK in 50ms (Views: 45.2ms | ActiveRecord: 0.0ms)


Started GET "/" for 127.0.0.1 at 2018-05-28 17:53:41 +0200
Processing by HomeController#index as HTML
  Rendering home/index.html.erb within layouts/application
  Rendered home/index.html.erb within layouts/application (0.3ms)
Completed 200 OK in 58ms (Views: 51.4ms | ActiveRecord: 0.0ms)


Started GET "/" for 127.0.0.1 at 2018-05-28 17:54:57 +0200
Processing by HomeController#index as HTML
  Rendering home/index.html.erb within layouts/application
  Rendered home/index.html.erb within layouts/application (1.1ms)
Completed 200 OK in 60ms (Views: 52.5ms | ActiveRecord: 0.0ms)


Started GET "/" for 127.0.0.1 at 2018-05-28 17:56:01 +0200
Processing by HomeController#index as HTML
  Rendering home/index.html.erb within layouts/application
  Rendered home/index.html.erb within layouts/application (0.5ms)
Completed 200 OK in 65ms (Views: 55.4ms | ActiveRecord: 0.0ms)


Started GET "/" for 127.0.0.1 at 2018-05-28 17:56:21 +0200
Processing by HomeController#index as HTML
  Rendering home/index.html.erb within layouts/application
  Rendered home/index.html.erb within layouts/application (0.5ms)
Completed 200 OK in 65ms (Views: 53.8ms | ActiveRecord: 0.0ms)


Started GET "/" for 127.0.0.1 at 2018-05-28 17:56:29 +0200
Processing by HomeController#index as HTML
  Rendering home/index.html.erb within layouts/application
  Rendered home/index.html.erb within layouts/application (0.4ms)
Completed 200 OK in 51ms (Views: 43.7ms | ActiveRecord: 0.0ms)


Started GET "/" for 127.0.0.1 at 2018-05-28 17:56:37 +0200
Processing by HomeController#index as HTML
  Rendering home/index.html.erb within layouts/application
  Rendered home/index.html.erb within layouts/application (0.6ms)
Completed 200 OK in 50ms (Views: 44.2ms | ActiveRecord: 0.0ms)


Started GET "/" for 127.0.0.1 at 2018-05-28 17:56:50 +0200
Processing by HomeController#index as HTML
  Rendering home/index.html.erb within layouts/application
  Rendered home/index.html.erb within layouts/application (1.2ms)
Completed 200 OK in 54ms (Views: 47.2ms | ActiveRecord: 0.0ms)


Started GET "/" for 127.0.0.1 at 2018-05-28 17:57:01 +0200
Processing by HomeController#index as HTML
  Rendering home/index.html.erb within layouts/application
  Rendered home/index.html.erb within layouts/application (0.4ms)
Completed 200 OK in 39ms (Views: 34.4ms | ActiveRecord: 0.0ms)


Started GET "/" for 127.0.0.1 at 2018-05-28 17:57:15 +0200
Processing by HomeController#index as HTML
  Rendering home/index.html.erb within layouts/application
  Rendered home/index.html.erb within layouts/application (0.5ms)
Completed 200 OK in 52ms (Views: 45.6ms | ActiveRecord: 0.0ms)


Started GET "/" for 127.0.0.1 at 2018-05-28 17:59:01 +0200
Processing by HomeController#index as HTML
  Rendering home/index.html.erb within layouts/application
  Rendered home/index.html.erb within layouts/application (1.4ms)
Completed 200 OK in 45ms (Views: 39.2ms | ActiveRecord: 0.0ms)


Started GET "/" for 127.0.0.1 at 2018-05-28 17:59:19 +0200
Processing by HomeController#index as HTML
  Rendering home/index.html.erb within layouts/application
  Rendered home/index.html.erb within layouts/application (0.4ms)
Completed 200 OK in 57ms (Views: 49.4ms | ActiveRecord: 0.0ms)


Started GET "/" for 127.0.0.1 at 2018-05-28 18:06:10 +0200
Processing by HomeController#index as HTML
  Rendering home/index.html.erb within layouts/application
  Rendered home/index.html.erb within layouts/application (1.9ms)
Completed 200 OK in 326ms (Views: 313.5ms | ActiveRecord: 0.0ms)


Started GET "/" for 127.0.0.1 at 2018-05-28 18:07:17 +0200
Processing by HomeController#index as HTML
  Rendering home/index.html.erb within layouts/application
  Rendered home/index.html.erb within layouts/application (0.4ms)
Completed 200 OK in 53ms (Views: 44.9ms | ActiveRecord: 0.0ms)


Started GET "/" for 127.0.0.1 at 2018-05-28 18:07:38 +0200
Processing by HomeController#index as HTML
  Rendering home/index.html.erb within layouts/application
  Rendered home/index.html.erb within layouts/application (0.4ms)
Completed 200 OK in 58ms (Views: 49.8ms | ActiveRecord: 0.0ms)


Started GET "/" for 127.0.0.1 at 2018-05-28 18:08:20 +0200
Processing by HomeController#index as HTML
  Rendering home/index.html.erb within layouts/application
  Rendered home/index.html.erb within layouts/application (0.4ms)
Completed 200 OK in 87ms (Views: 79.0ms | ActiveRecord: 0.0ms)


Started GET "/" for 127.0.0.1 at 2018-05-28 18:08:38 +0200
Processing by HomeController#index as HTML
  Rendering home/index.html.erb within layouts/application
  Rendered home/index.html.erb within layouts/application (0.5ms)
Completed 200 OK in 67ms (Views: 55.4ms | ActiveRecord: 0.0ms)


Started GET "/" for 127.0.0.1 at 2018-05-28 18:09:03 +0200
Processing by HomeController#index as HTML
  Rendering home/index.html.erb within layouts/application
  Rendered home/index.html.erb within layouts/application (0.5ms)
Completed 200 OK in 56ms (Views: 49.7ms | ActiveRecord: 0.0ms)


Started GET "/" for 127.0.0.1 at 2018-05-28 18:09:27 +0200
Processing by HomeController#index as HTML
  Rendering home/index.html.erb within layouts/application
  Rendered home/index.html.erb within layouts/application (0.4ms)
Completed 200 OK in 72ms (Views: 64.3ms | ActiveRecord: 0.0ms)


Started GET "/" for 127.0.0.1 at 2018-05-28 18:09:35 +0200
Processing by HomeController#index as HTML
  Rendering home/index.html.erb within layouts/application
  Rendered home/index.html.erb within layouts/application (0.8ms)
Completed 200 OK in 72ms (Views: 65.0ms | ActiveRecord: 0.0ms)


Started GET "/" for 127.0.0.1 at 2018-05-28 18:10:24 +0200
Processing by HomeController#index as HTML
  Rendering home/index.html.erb within layouts/application
  Rendered home/index.html.erb within layouts/application (0.7ms)
Completed 200 OK in 114ms (Views: 105.5ms | ActiveRecord: 0.0ms)


=======
<<<<<<< HEAD
Started GET "/" for 127.0.0.1 at 2018-05-28 18:13:33 +0200
Processing by Rails::WelcomeController#index as HTML
  Rendering /Users/geraldy/.rvm/rubies/ruby-2.3.4/lib/ruby/gems/2.3.0/gems/railties-5.2.0/lib/rails/templates/rails/welcome/index.html.erb
  Rendered /Users/geraldy/.rvm/rubies/ruby-2.3.4/lib/ruby/gems/2.3.0/gems/railties-5.2.0/lib/rails/templates/rails/welcome/index.html.erb (6.0ms)
Completed 200 OK in 37ms (Views: 15.6ms | ActiveRecord: 0.0ms)


=======
  [1m[35m (0.1ms)[0m  [1m[34mSELECT sqlite_version(*)[0m
  ↳ bin/rails:9
  [1m[35m (1269.1ms)[0m  [1m[35mCREATE TABLE "schema_migrations" ("version" varchar NOT NULL PRIMARY KEY)[0m
  ↳ bin/rails:9
  [1m[35m (728.9ms)[0m  [1m[35mCREATE TABLE "ar_internal_metadata" ("key" varchar NOT NULL PRIMARY KEY, "value" varchar, "created_at" datetime NOT NULL, "updated_at" datetime NOT NULL)[0m
  ↳ bin/rails:9
  [1m[35m (0.5ms)[0m  [1m[34mSELECT "schema_migrations"."version" FROM "schema_migrations" ORDER BY "schema_migrations"."version" ASC[0m
  ↳ bin/rails:9
Migrating to CreateItems (20180528155528)
  [1m[35m (0.1ms)[0m  [1m[36mbegin transaction[0m
  ↳ bin/rails:9
  [1m[35m (0.1ms)[0m  [1m[31mrollback transaction[0m
  ↳ bin/rails:9
  [1m[35m (0.2ms)[0m  [1m[34mSELECT "schema_migrations"."version" FROM "schema_migrations" ORDER BY "schema_migrations"."version" ASC[0m
  ↳ bin/rails:9
Migrating to CreateItems (20180528155528)
  [1m[35m (0.0ms)[0m  [1m[36mbegin transaction[0m
  ↳ bin/rails:9
  [1m[35m (0.1ms)[0m  [1m[34mSELECT sqlite_version(*)[0m
  ↳ db/migrate/20180528155528_create_items.rb:3
  [1m[35m (0.7ms)[0m  [1m[35mCREATE TABLE "items" ("id" integer PRIMARY KEY AUTOINCREMENT NOT NULL, "title" varchar, "description" text, "price" decimal, "image_url" varchar, "created_at" datetime NOT NULL, "updated_at" datetime NOT NULL)[0m
  ↳ db/migrate/20180528155528_create_items.rb:3
  [1m[36mActiveRecord::SchemaMigration Create (0.3ms)[0m  [1m[32mINSERT INTO "schema_migrations" ("version") VALUES (?)[0m  [["version", "20180528155528"]]
  ↳ bin/rails:9
  [1m[35m (251.4ms)[0m  [1m[36mcommit transaction[0m
  ↳ bin/rails:9
  [1m[36mActiveRecord::InternalMetadata Load (1.2ms)[0m  [1m[34mSELECT  "ar_internal_metadata".* FROM "ar_internal_metadata" WHERE "ar_internal_metadata"."key" = ? LIMIT ?[0m  [["key", "environment"], ["LIMIT", 1]]
  ↳ bin/rails:9
  [1m[35m (0.2ms)[0m  [1m[36mbegin transaction[0m
  ↳ bin/rails:9
  [1m[36mActiveRecord::InternalMetadata Create (2.9ms)[0m  [1m[32mINSERT INTO "ar_internal_metadata" ("key", "value", "created_at", "updated_at") VALUES (?, ?, ?, ?)[0m  [["key", "environment"], ["value", "development"], ["created_at", "2018-05-28 15:57:25.244798"], ["updated_at", "2018-05-28 15:57:25.244798"]]
  ↳ bin/rails:9
  [1m[35m (85.2ms)[0m  [1m[36mcommit transaction[0m
  ↳ bin/rails:9
  [1m[35m (1.2ms)[0m  [1m[34mSELECT "schema_migrations"."version" FROM "schema_migrations" ORDER BY "schema_migrations"."version" ASC[0m
  ↳ bin/rails:9
  [1m[35m (0.3ms)[0m  [1m[34mSELECT "schema_migrations"."version" FROM "schema_migrations" ORDER BY "schema_migrations"."version" ASC[0m
  ↳ bin/rails:9
  [1m[35m (0.2ms)[0m  [1m[34mSELECT "schema_migrations"."version" FROM "schema_migrations" ORDER BY "schema_migrations"."version" ASC[0m
  ↳ bin/rails:9
  [1m[35m (0.2ms)[0m  [1m[34mSELECT "schema_migrations"."version" FROM "schema_migrations" ORDER BY "schema_migrations"."version" ASC[0m
  ↳ bin/rails:9
  [1m[35m (0.2ms)[0m  [1m[34mSELECT "schema_migrations"."version" FROM "schema_migrations" ORDER BY "schema_migrations"."version" ASC[0m
  ↳ bin/rails:9
  [1m[35m (0.0ms)[0m  [1m[36mbegin transaction[0m
  ↳ db/seeds.rb:12
  [1m[36mItem Create (1.2ms)[0m  [1m[32mINSERT INTO "items" ("title", "description", "price", "image_url", "created_at", "updated_at") VALUES (?, ?, ?, ?, ?, ?)[0m  [["title", "Faker::Name"], ["description", "Debitis nesciunt esse minima."], ["price", 52.81], ["image_url", "http://lorempixel.com/300/300"], ["created_at", "2018-05-28 16:03:09.741128"], ["updated_at", "2018-05-28 16:03:09.741128"]]
  ↳ db/seeds.rb:12
  [1m[35m (786.9ms)[0m  [1m[36mcommit transaction[0m
  ↳ db/seeds.rb:12
  [1m[35m (0.2ms)[0m  [1m[36mbegin transaction[0m
  ↳ db/seeds.rb:12
  [1m[36mItem Create (2.5ms)[0m  [1m[32mINSERT INTO "items" ("title", "description", "price", "image_url", "created_at", "updated_at") VALUES (?, ?, ?, ?, ?, ?)[0m  [["title", "Faker::Name"], ["description", "Tempora consectetur vel aliquid dicta."], ["price", 93.79], ["image_url", "http://lorempixel.com/300/300"], ["created_at", "2018-05-28 16:03:10.534236"], ["updated_at", "2018-05-28 16:03:10.534236"]]
  ↳ db/seeds.rb:12
  [1m[35m (83.0ms)[0m  [1m[36mcommit transaction[0m
  ↳ db/seeds.rb:12
  [1m[35m (0.1ms)[0m  [1m[36mbegin transaction[0m
  ↳ db/seeds.rb:12
  [1m[36mItem Create (3.3ms)[0m  [1m[32mINSERT INTO "items" ("title", "description", "price", "image_url", "created_at", "updated_at") VALUES (?, ?, ?, ?, ?, ?)[0m  [["title", "Faker::Name"], ["description", "Temporibus fugit nihil nobis sed ad dolores."], ["price", 85.69], ["image_url", "http://lorempixel.com/300/300"], ["created_at", "2018-05-28 16:03:10.626382"], ["updated_at", "2018-05-28 16:03:10.626382"]]
  ↳ db/seeds.rb:12
  [1m[35m (71.3ms)[0m  [1m[36mcommit transaction[0m
  ↳ db/seeds.rb:12
  [1m[35m (0.2ms)[0m  [1m[36mbegin transaction[0m
  ↳ db/seeds.rb:12
  [1m[36mItem Create (3.3ms)[0m  [1m[32mINSERT INTO "items" ("title", "description", "price", "image_url", "created_at", "updated_at") VALUES (?, ?, ?, ?, ?, ?)[0m  [["title", "Faker::Name"], ["description", "Quas fuga quo similique sit dolorum ut harum molestiae."], ["price", 65.85], ["image_url", "http://lorempixel.com/300/300"], ["created_at", "2018-05-28 16:03:10.710825"], ["updated_at", "2018-05-28 16:03:10.710825"]]
  ↳ db/seeds.rb:12
  [1m[35m (73.9ms)[0m  [1m[36mcommit transaction[0m
  ↳ db/seeds.rb:12
  [1m[35m (0.2ms)[0m  [1m[36mbegin transaction[0m
  ↳ db/seeds.rb:12
  [1m[36mItem Create (3.0ms)[0m  [1m[32mINSERT INTO "items" ("title", "description", "price", "image_url", "created_at", "updated_at") VALUES (?, ?, ?, ?, ?, ?)[0m  [["title", "Faker::Name"], ["description", "Sit voluptatibus libero dolores nihil eius."], ["price", 82.49], ["image_url", "http://lorempixel.com/300/300"], ["created_at", "2018-05-28 16:03:10.795548"], ["updated_at", "2018-05-28 16:03:10.795548"]]
  ↳ db/seeds.rb:12
  [1m[35m (72.2ms)[0m  [1m[36mcommit transaction[0m
  ↳ db/seeds.rb:12
  [1m[35m (0.2ms)[0m  [1m[36mbegin transaction[0m
  ↳ db/seeds.rb:12
  [1m[36mItem Create (2.9ms)[0m  [1m[32mINSERT INTO "items" ("title", "description", "price", "image_url", "created_at", "updated_at") VALUES (?, ?, ?, ?, ?, ?)[0m  [["title", "Faker::Name"], ["description", "Est vel voluptas vero."], ["price", 36.71], ["image_url", "http://lorempixel.com/300/300"], ["created_at", "2018-05-28 16:03:10.880563"], ["updated_at", "2018-05-28 16:03:10.880563"]]
  ↳ db/seeds.rb:12
  [1m[35m (73.3ms)[0m  [1m[36mcommit transaction[0m
  ↳ db/seeds.rb:12
  [1m[35m (0.2ms)[0m  [1m[36mbegin transaction[0m
  ↳ db/seeds.rb:12
  [1m[36mItem Create (3.9ms)[0m  [1m[32mINSERT INTO "items" ("title", "description", "price", "image_url", "created_at", "updated_at") VALUES (?, ?, ?, ?, ?, ?)[0m  [["title", "Faker::Name"], ["description", "Sint sapiente atque ipsam."], ["price", 11.79], ["image_url", "http://lorempixel.com/300/300"], ["created_at", "2018-05-28 16:03:10.964318"], ["updated_at", "2018-05-28 16:03:10.964318"]]
  ↳ db/seeds.rb:12
  [1m[35m (95.6ms)[0m  [1m[36mcommit transaction[0m
  ↳ db/seeds.rb:12
  [1m[35m (0.2ms)[0m  [1m[36mbegin transaction[0m
  ↳ db/seeds.rb:12
  [1m[36mItem Create (3.0ms)[0m  [1m[32mINSERT INTO "items" ("title", "description", "price", "image_url", "created_at", "updated_at") VALUES (?, ?, ?, ?, ?, ?)[0m  [["title", "Faker::Name"], ["description", "Tempore vitae earum ex."], ["price", 32.12], ["image_url", "http://lorempixel.com/300/300"], ["created_at", "2018-05-28 16:03:11.070799"], ["updated_at", "2018-05-28 16:03:11.070799"]]
  ↳ db/seeds.rb:12
  [1m[35m (71.3ms)[0m  [1m[36mcommit transaction[0m
  ↳ db/seeds.rb:12
  [1m[35m (0.2ms)[0m  [1m[36mbegin transaction[0m
  ↳ db/seeds.rb:12
  [1m[36mItem Create (3.1ms)[0m  [1m[32mINSERT INTO "items" ("title", "description", "price", "image_url", "created_at", "updated_at") VALUES (?, ?, ?, ?, ?, ?)[0m  [["title", "Faker::Name"], ["description", "Eum quibusdam est enim quo nihil."], ["price", 41.17], ["image_url", "http://lorempixel.com/300/300"], ["created_at", "2018-05-28 16:03:11.154016"], ["updated_at", "2018-05-28 16:03:11.154016"]]
  ↳ db/seeds.rb:12
  [1m[35m (89.2ms)[0m  [1m[36mcommit transaction[0m
  ↳ db/seeds.rb:12
  [1m[35m (0.2ms)[0m  [1m[36mbegin transaction[0m
  ↳ db/seeds.rb:12
  [1m[36mItem Create (5.1ms)[0m  [1m[32mINSERT INTO "items" ("title", "description", "price", "image_url", "created_at", "updated_at") VALUES (?, ?, ?, ?, ?, ?)[0m  [["title", "Faker::Name"], ["description", "Molestiae alias dolore laborum sed."], ["price", 46.06], ["image_url", "http://lorempixel.com/300/300"], ["created_at", "2018-05-28 16:03:11.257978"], ["updated_at", "2018-05-28 16:03:11.257978"]]
  ↳ db/seeds.rb:12
  [1m[35m (397.2ms)[0m  [1m[36mcommit transaction[0m
  ↳ db/seeds.rb:12
  [1m[35m (0.2ms)[0m  [1m[34mSELECT "schema_migrations"."version" FROM "schema_migrations" ORDER BY "schema_migrations"."version" ASC[0m
  ↳ bin/rails:9
  [1m[35m (0.2ms)[0m  [1m[34mSELECT "ar_internal_metadata"."value" FROM "ar_internal_metadata" WHERE "ar_internal_metadata"."key" = ?[0m  [["key", "environment"]]
  ↳ bin/rails:9
  [1m[35m (0.2ms)[0m  [1m[34mSELECT "schema_migrations"."version" FROM "schema_migrations" ORDER BY "schema_migrations"."version" ASC[0m
  ↳ bin/rails:9
  [1m[35m (0.2ms)[0m  [1m[34mSELECT "ar_internal_metadata"."value" FROM "ar_internal_metadata" WHERE "ar_internal_metadata"."key" = ?[0m  [["key", "environment"]]
  ↳ bin/rails:9
  [1m[35m (0.2ms)[0m  [1m[34mSELECT "schema_migrations"."version" FROM "schema_migrations" ORDER BY "schema_migrations"."version" ASC[0m
  ↳ bin/rails:9
  [1m[35m (0.2ms)[0m  [1m[34mSELECT "ar_internal_metadata"."value" FROM "ar_internal_metadata" WHERE "ar_internal_metadata"."key" = ?[0m  [["key", "environment"]]
  ↳ bin/rails:9
  [1m[35m (0.3ms)[0m  [1m[35mDROP TABLE IF EXISTS "items"[0m
  ↳ db/schema.rb:15
  [1m[35m (0.1ms)[0m  [1m[34mSELECT sqlite_version(*)[0m
  ↳ db/schema.rb:15
  [1m[35m (469.1ms)[0m  [1m[35mCREATE TABLE "items" ("id" integer PRIMARY KEY AUTOINCREMENT NOT NULL, "title" varchar, "description" text, "price" decimal, "image_url" varchar, "created_at" datetime NOT NULL, "updated_at" datetime NOT NULL)[0m
  ↳ db/schema.rb:15
  [1m[35m (122.5ms)[0m  [1m[35mCREATE TABLE "schema_migrations" ("version" varchar NOT NULL PRIMARY KEY)[0m
  ↳ db/schema.rb:13
  [1m[35m (0.9ms)[0m  [1m[34mSELECT "schema_migrations"."version" FROM "schema_migrations" ORDER BY "schema_migrations"."version" ASC[0m
  ↳ db/schema.rb:13
  [1m[35m (75.9ms)[0m  [1m[32mINSERT INTO "schema_migrations" (version) VALUES (20180528155528)[0m
  ↳ db/schema.rb:13
  [1m[35m (78.5ms)[0m  [1m[35mCREATE TABLE "ar_internal_metadata" ("key" varchar NOT NULL PRIMARY KEY, "value" varchar, "created_at" datetime NOT NULL, "updated_at" datetime NOT NULL)[0m
  ↳ db/schema.rb:13
  [1m[36mActiveRecord::InternalMetadata Load (1.4ms)[0m  [1m[34mSELECT  "ar_internal_metadata".* FROM "ar_internal_metadata" WHERE "ar_internal_metadata"."key" = ? LIMIT ?[0m  [["key", "environment"], ["LIMIT", 1]]
  ↳ db/schema.rb:13
  [1m[35m (0.8ms)[0m  [1m[36mbegin transaction[0m
  ↳ db/schema.rb:13
  [1m[36mActiveRecord::InternalMetadata Create (3.0ms)[0m  [1m[32mINSERT INTO "ar_internal_metadata" ("key", "value", "created_at", "updated_at") VALUES (?, ?, ?, ?)[0m  [["key", "environment"], ["value", "development"], ["created_at", "2018-05-28 16:04:07.258818"], ["updated_at", "2018-05-28 16:04:07.258818"]]
  ↳ db/schema.rb:13
  [1m[35m (71.4ms)[0m  [1m[36mcommit transaction[0m
  ↳ db/schema.rb:13
  [1m[36mActiveRecord::InternalMetadata Load (0.9ms)[0m  [1m[34mSELECT  "ar_internal_metadata".* FROM "ar_internal_metadata" WHERE "ar_internal_metadata"."key" = ? LIMIT ?[0m  [["key", "environment"], ["LIMIT", 1]]
  ↳ bin/rails:9
  [1m[35m (0.2ms)[0m  [1m[36mbegin transaction[0m
  ↳ bin/rails:9
  [1m[35m (0.1ms)[0m  [1m[36mcommit transaction[0m
  ↳ bin/rails:9
  [1m[35m (2.7ms)[0m  [1m[35mDROP TABLE IF EXISTS "items"[0m
  ↳ db/schema.rb:15
  [1m[35m (0.2ms)[0m  [1m[34mSELECT sqlite_version(*)[0m
  ↳ db/schema.rb:15
  [1m[35m (127.4ms)[0m  [1m[35mCREATE TABLE "items" ("id" integer PRIMARY KEY AUTOINCREMENT NOT NULL, "title" varchar, "description" text, "price" decimal, "image_url" varchar, "created_at" datetime NOT NULL, "updated_at" datetime NOT NULL)[0m
  ↳ db/schema.rb:15
  [1m[35m (104.1ms)[0m  [1m[35mCREATE TABLE "schema_migrations" ("version" varchar NOT NULL PRIMARY KEY)[0m
  ↳ db/schema.rb:13
  [1m[35m (1.1ms)[0m  [1m[34mSELECT "schema_migrations"."version" FROM "schema_migrations" ORDER BY "schema_migrations"."version" ASC[0m
  ↳ db/schema.rb:13
  [1m[35m (77.2ms)[0m  [1m[32mINSERT INTO "schema_migrations" (version) VALUES (20180528155528)[0m
  ↳ db/schema.rb:13
  [1m[35m (81.0ms)[0m  [1m[35mCREATE TABLE "ar_internal_metadata" ("key" varchar NOT NULL PRIMARY KEY, "value" varchar, "created_at" datetime NOT NULL, "updated_at" datetime NOT NULL)[0m
  ↳ db/schema.rb:13
  [1m[36mActiveRecord::InternalMetadata Load (1.2ms)[0m  [1m[34mSELECT  "ar_internal_metadata".* FROM "ar_internal_metadata" WHERE "ar_internal_metadata"."key" = ? LIMIT ?[0m  [["key", "environment"], ["LIMIT", 1]]
  ↳ db/schema.rb:13
  [1m[35m (0.1ms)[0m  [1m[36mbegin transaction[0m
  ↳ db/schema.rb:13
  [1m[36mActiveRecord::InternalMetadata Create (3.3ms)[0m  [1m[32mINSERT INTO "ar_internal_metadata" ("key", "value", "created_at", "updated_at") VALUES (?, ?, ?, ?)[0m  [["key", "environment"], ["value", "development"], ["created_at", "2018-05-28 16:04:07.776763"], ["updated_at", "2018-05-28 16:04:07.776763"]]
  ↳ db/schema.rb:13
  [1m[35m (78.4ms)[0m  [1m[36mcommit transaction[0m
  ↳ db/schema.rb:13
  [1m[36mActiveRecord::InternalMetadata Load (0.8ms)[0m  [1m[34mSELECT  "ar_internal_metadata".* FROM "ar_internal_metadata" WHERE "ar_internal_metadata"."key" = ? LIMIT ?[0m  [["key", "environment"], ["LIMIT", 1]]
  ↳ bin/rails:9
  [1m[35m (0.1ms)[0m  [1m[36mbegin transaction[0m
  ↳ bin/rails:9
  [1m[36mActiveRecord::InternalMetadata Update (2.6ms)[0m  [1m[33mUPDATE "ar_internal_metadata" SET "value" = ?, "updated_at" = ? WHERE "ar_internal_metadata"."key" = ?[0m  [["value", "test"], ["updated_at", "2018-05-28 16:04:07.873053"], ["key", "environment"]]
  ↳ bin/rails:9
  [1m[35m (75.0ms)[0m  [1m[36mcommit transaction[0m
  ↳ bin/rails:9
  [1m[35m (1.0ms)[0m  [1m[34mSELECT "schema_migrations"."version" FROM "schema_migrations" ORDER BY "schema_migrations"."version" ASC[0m
  ↳ bin/rails:9
  [1m[35m (0.1ms)[0m  [1m[36mbegin transaction[0m
  ↳ db/seeds.rb:12
  [1m[36mItem Create (1.5ms)[0m  [1m[32mINSERT INTO "items" ("title", "description", "price", "image_url", "created_at", "updated_at") VALUES (?, ?, ?, ?, ?, ?)[0m  [["title", "Shirley Greenholt"], ["description", "Architecto delectus molestias consequuntur pariatur nobis."], ["price", 60.97], ["image_url", "http://lorempixel.com/300/300"], ["created_at", "2018-05-28 16:04:08.080221"], ["updated_at", "2018-05-28 16:04:08.080221"]]
  ↳ db/seeds.rb:12
  [1m[35m (103.6ms)[0m  [1m[36mcommit transaction[0m
  ↳ db/seeds.rb:12
  [1m[35m (0.3ms)[0m  [1m[36mbegin transaction[0m
  ↳ db/seeds.rb:12
  [1m[36mItem Create (3.3ms)[0m  [1m[32mINSERT INTO "items" ("title", "description", "price", "image_url", "created_at", "updated_at") VALUES (?, ?, ?, ?, ?, ?)[0m  [["title", "Bill Thiel"], ["description", "Aut temporibus voluptatem officia."], ["price", 32.46], ["image_url", "http://lorempixel.com/300/300"], ["created_at", "2018-05-28 16:04:08.190807"], ["updated_at", "2018-05-28 16:04:08.190807"]]
  ↳ db/seeds.rb:12
  [1m[35m (70.2ms)[0m  [1m[36mcommit transaction[0m
  ↳ db/seeds.rb:12
  [1m[35m (0.2ms)[0m  [1m[36mbegin transaction[0m
  ↳ db/seeds.rb:12
  [1m[36mItem Create (5.1ms)[0m  [1m[32mINSERT INTO "items" ("title", "description", "price", "image_url", "created_at", "updated_at") VALUES (?, ?, ?, ?, ?, ?)[0m  [["title", "Mya Dickinson"], ["description", "Non est sunt vero."], ["price", 78.95], ["image_url", "http://lorempixel.com/300/300"], ["created_at", "2018-05-28 16:04:08.274986"], ["updated_at", "2018-05-28 16:04:08.274986"]]
  ↳ db/seeds.rb:12
  [1m[35m (77.8ms)[0m  [1m[36mcommit transaction[0m
  ↳ db/seeds.rb:12
  [1m[35m (0.2ms)[0m  [1m[36mbegin transaction[0m
  ↳ db/seeds.rb:12
  [1m[36mItem Create (3.2ms)[0m  [1m[32mINSERT INTO "items" ("title", "description", "price", "image_url", "created_at", "updated_at") VALUES (?, ?, ?, ?, ?, ?)[0m  [["title", "Adolphus Mosciski DVM"], ["description", "Dolore et saepe deserunt."], ["price", 35.07], ["image_url", "http://lorempixel.com/300/300"], ["created_at", "2018-05-28 16:04:08.370668"], ["updated_at", "2018-05-28 16:04:08.370668"]]
  ↳ db/seeds.rb:12
  [1m[35m (82.3ms)[0m  [1m[36mcommit transaction[0m
  ↳ db/seeds.rb:12
  [1m[35m (0.2ms)[0m  [1m[36mbegin transaction[0m
  ↳ db/seeds.rb:12
  [1m[36mItem Create (3.5ms)[0m  [1m[32mINSERT INTO "items" ("title", "description", "price", "image_url", "created_at", "updated_at") VALUES (?, ?, ?, ?, ?, ?)[0m  [["title", "Bernice Jacobs"], ["description", "Ut temporibus itaque asperiores maiores ut voluptas qui."], ["price", 41.43], ["image_url", "http://lorempixel.com/300/300"], ["created_at", "2018-05-28 16:04:08.464728"], ["updated_at", "2018-05-28 16:04:08.464728"]]
  ↳ db/seeds.rb:12
  [1m[35m (67.7ms)[0m  [1m[36mcommit transaction[0m
  ↳ db/seeds.rb:12
  [1m[35m (0.2ms)[0m  [1m[36mbegin transaction[0m
  ↳ db/seeds.rb:12
  [1m[36mItem Create (3.4ms)[0m  [1m[32mINSERT INTO "items" ("title", "description", "price", "image_url", "created_at", "updated_at") VALUES (?, ?, ?, ?, ?, ?)[0m  [["title", "Dayana Grady"], ["description", "Explicabo assumenda ipsam provident pariatur deleniti veritatis minus."], ["price", 52.29], ["image_url", "http://lorempixel.com/300/300"], ["created_at", "2018-05-28 16:04:08.548116"], ["updated_at", "2018-05-28 16:04:08.548116"]]
  ↳ db/seeds.rb:12
  [1m[35m (85.7ms)[0m  [1m[36mcommit transaction[0m
  ↳ db/seeds.rb:12
  [1m[35m (0.3ms)[0m  [1m[36mbegin transaction[0m
  ↳ db/seeds.rb:12
  [1m[36mItem Create (3.6ms)[0m  [1m[32mINSERT INTO "items" ("title", "description", "price", "image_url", "created_at", "updated_at") VALUES (?, ?, ?, ?, ?, ?)[0m  [["title", "Muriel Bahringer"], ["description", "Magni mollitia distinctio at aliquam aut harum consequatur."], ["price", 28.28], ["image_url", "http://lorempixel.com/300/300"], ["created_at", "2018-05-28 16:04:08.644529"], ["updated_at", "2018-05-28 16:04:08.644529"]]
  ↳ db/seeds.rb:12
  [1m[35m (106.4ms)[0m  [1m[36mcommit transaction[0m
  ↳ db/seeds.rb:12
  [1m[35m (0.2ms)[0m  [1m[36mbegin transaction[0m
  ↳ db/seeds.rb:12
  [1m[36mItem Create (3.0ms)[0m  [1m[32mINSERT INTO "items" ("title", "description", "price", "image_url", "created_at", "updated_at") VALUES (?, ?, ?, ?, ?, ?)[0m  [["title", "Jazmin Keeling"], ["description", "Perferendis sit possimus quis est."], ["price", 76.68], ["image_url", "http://lorempixel.com/300/300"], ["created_at", "2018-05-28 16:04:08.763414"], ["updated_at", "2018-05-28 16:04:08.763414"]]
  ↳ db/seeds.rb:12
  [1m[35m (88.6ms)[0m  [1m[36mcommit transaction[0m
  ↳ db/seeds.rb:12
  [1m[35m (0.2ms)[0m  [1m[36mbegin transaction[0m
  ↳ db/seeds.rb:12
  [1m[36mItem Create (4.3ms)[0m  [1m[32mINSERT INTO "items" ("title", "description", "price", "image_url", "created_at", "updated_at") VALUES (?, ?, ?, ?, ?, ?)[0m  [["title", "Jedidiah Hyatt"], ["description", "Totam sapiente eaque consequatur."], ["price", 68.64], ["image_url", "http://lorempixel.com/300/300"], ["created_at", "2018-05-28 16:04:08.863918"], ["updated_at", "2018-05-28 16:04:08.863918"]]
  ↳ db/seeds.rb:12
  [1m[35m (75.3ms)[0m  [1m[36mcommit transaction[0m
  ↳ db/seeds.rb:12
  [1m[35m (0.2ms)[0m  [1m[36mbegin transaction[0m
  ↳ db/seeds.rb:12
  [1m[36mItem Create (4.1ms)[0m  [1m[32mINSERT INTO "items" ("title", "description", "price", "image_url", "created_at", "updated_at") VALUES (?, ?, ?, ?, ?, ?)[0m  [["title", "Dr. Freddy Gulgowski"], ["description", "Fugit quaerat error ullam ut delectus rem."], ["price", 59.25], ["image_url", "http://lorempixel.com/300/300"], ["created_at", "2018-05-28 16:04:08.956972"], ["updated_at", "2018-05-28 16:04:08.956972"]]
  ↳ db/seeds.rb:12
  [1m[35m (71.5ms)[0m  [1m[36mcommit transaction[0m
  ↳ db/seeds.rb:12
  [1m[35m (0.2ms)[0m  [1m[34mSELECT "schema_migrations"."version" FROM "schema_migrations" ORDER BY "schema_migrations"."version" ASC[0m
  ↳ bin/rails:9
  [1m[35m (0.2ms)[0m  [1m[34mSELECT "ar_internal_metadata"."value" FROM "ar_internal_metadata" WHERE "ar_internal_metadata"."key" = ?[0m  [["key", "environment"]]
  ↳ bin/rails:9
  [1m[35m (0.2ms)[0m  [1m[34mSELECT "schema_migrations"."version" FROM "schema_migrations" ORDER BY "schema_migrations"."version" ASC[0m
  ↳ bin/rails:9
  [1m[35m (0.2ms)[0m  [1m[34mSELECT "ar_internal_metadata"."value" FROM "ar_internal_metadata" WHERE "ar_internal_metadata"."key" = ?[0m  [["key", "environment"]]
  ↳ bin/rails:9
  [1m[35m (0.2ms)[0m  [1m[34mSELECT "schema_migrations"."version" FROM "schema_migrations" ORDER BY "schema_migrations"."version" ASC[0m
  ↳ bin/rails:9
  [1m[35m (0.2ms)[0m  [1m[34mSELECT "ar_internal_metadata"."value" FROM "ar_internal_metadata" WHERE "ar_internal_metadata"."key" = ?[0m  [["key", "environment"]]
  ↳ bin/rails:9
  [1m[35m (0.3ms)[0m  [1m[35mDROP TABLE IF EXISTS "items"[0m
  ↳ db/schema.rb:15
  [1m[35m (0.1ms)[0m  [1m[34mSELECT sqlite_version(*)[0m
  ↳ db/schema.rb:15
  [1m[35m (516.3ms)[0m  [1m[35mCREATE TABLE "items" ("id" integer PRIMARY KEY AUTOINCREMENT NOT NULL, "title" varchar, "description" text, "price" decimal, "image_url" varchar, "created_at" datetime NOT NULL, "updated_at" datetime NOT NULL)[0m
  ↳ db/schema.rb:15
  [1m[35m (78.6ms)[0m  [1m[35mCREATE TABLE "schema_migrations" ("version" varchar NOT NULL PRIMARY KEY)[0m
  ↳ db/schema.rb:13
  [1m[35m (1.1ms)[0m  [1m[34mSELECT "schema_migrations"."version" FROM "schema_migrations" ORDER BY "schema_migrations"."version" ASC[0m
  ↳ db/schema.rb:13
  [1m[35m (80.0ms)[0m  [1m[32mINSERT INTO "schema_migrations" (version) VALUES (20180528155528)[0m
  ↳ db/schema.rb:13
  [1m[35m (77.8ms)[0m  [1m[35mCREATE TABLE "ar_internal_metadata" ("key" varchar NOT NULL PRIMARY KEY, "value" varchar, "created_at" datetime NOT NULL, "updated_at" datetime NOT NULL)[0m
  ↳ db/schema.rb:13
  [1m[36mActiveRecord::InternalMetadata Load (1.2ms)[0m  [1m[34mSELECT  "ar_internal_metadata".* FROM "ar_internal_metadata" WHERE "ar_internal_metadata"."key" = ? LIMIT ?[0m  [["key", "environment"], ["LIMIT", 1]]
  ↳ db/schema.rb:13
  [1m[35m (0.2ms)[0m  [1m[36mbegin transaction[0m
  ↳ db/schema.rb:13
  [1m[36mActiveRecord::InternalMetadata Create (3.4ms)[0m  [1m[32mINSERT INTO "ar_internal_metadata" ("key", "value", "created_at", "updated_at") VALUES (?, ?, ?, ?)[0m  [["key", "environment"], ["value", "development"], ["created_at", "2018-05-28 16:05:08.691288"], ["updated_at", "2018-05-28 16:05:08.691288"]]
  ↳ db/schema.rb:13
  [1m[35m (75.8ms)[0m  [1m[36mcommit transaction[0m
  ↳ db/schema.rb:13
  [1m[36mActiveRecord::InternalMetadata Load (0.9ms)[0m  [1m[34mSELECT  "ar_internal_metadata".* FROM "ar_internal_metadata" WHERE "ar_internal_metadata"."key" = ? LIMIT ?[0m  [["key", "environment"], ["LIMIT", 1]]
  ↳ bin/rails:9
  [1m[35m (0.2ms)[0m  [1m[36mbegin transaction[0m
  ↳ bin/rails:9
  [1m[35m (0.2ms)[0m  [1m[36mcommit transaction[0m
  ↳ bin/rails:9
  [1m[35m (1.5ms)[0m  [1m[35mDROP TABLE IF EXISTS "items"[0m
  ↳ db/schema.rb:15
  [1m[35m (0.2ms)[0m  [1m[34mSELECT sqlite_version(*)[0m
  ↳ db/schema.rb:15
  [1m[35m (102.5ms)[0m  [1m[35mCREATE TABLE "items" ("id" integer PRIMARY KEY AUTOINCREMENT NOT NULL, "title" varchar, "description" text, "price" decimal, "image_url" varchar, "created_at" datetime NOT NULL, "updated_at" datetime NOT NULL)[0m
  ↳ db/schema.rb:15
  [1m[35m (124.0ms)[0m  [1m[35mCREATE TABLE "schema_migrations" ("version" varchar NOT NULL PRIMARY KEY)[0m
  ↳ db/schema.rb:13
  [1m[35m (0.9ms)[0m  [1m[34mSELECT "schema_migrations"."version" FROM "schema_migrations" ORDER BY "schema_migrations"."version" ASC[0m
  ↳ db/schema.rb:13
  [1m[35m (77.0ms)[0m  [1m[32mINSERT INTO "schema_migrations" (version) VALUES (20180528155528)[0m
  ↳ db/schema.rb:13
  [1m[35m (82.1ms)[0m  [1m[35mCREATE TABLE "ar_internal_metadata" ("key" varchar NOT NULL PRIMARY KEY, "value" varchar, "created_at" datetime NOT NULL, "updated_at" datetime NOT NULL)[0m
  ↳ db/schema.rb:13
  [1m[36mActiveRecord::InternalMetadata Load (0.8ms)[0m  [1m[34mSELECT  "ar_internal_metadata".* FROM "ar_internal_metadata" WHERE "ar_internal_metadata"."key" = ? LIMIT ?[0m  [["key", "environment"], ["LIMIT", 1]]
  ↳ db/schema.rb:13
  [1m[35m (0.1ms)[0m  [1m[36mbegin transaction[0m
  ↳ db/schema.rb:13
  [1m[36mActiveRecord::InternalMetadata Create (4.2ms)[0m  [1m[32mINSERT INTO "ar_internal_metadata" ("key", "value", "created_at", "updated_at") VALUES (?, ?, ?, ?)[0m  [["key", "environment"], ["value", "development"], ["created_at", "2018-05-28 16:05:09.202686"], ["updated_at", "2018-05-28 16:05:09.202686"]]
  ↳ db/schema.rb:13
  [1m[35m (71.6ms)[0m  [1m[36mcommit transaction[0m
  ↳ db/schema.rb:13
  [1m[36mActiveRecord::InternalMetadata Load (0.7ms)[0m  [1m[34mSELECT  "ar_internal_metadata".* FROM "ar_internal_metadata" WHERE "ar_internal_metadata"."key" = ? LIMIT ?[0m  [["key", "environment"], ["LIMIT", 1]]
  ↳ bin/rails:9
  [1m[35m (0.1ms)[0m  [1m[36mbegin transaction[0m
  ↳ bin/rails:9
  [1m[36mActiveRecord::InternalMetadata Update (3.6ms)[0m  [1m[33mUPDATE "ar_internal_metadata" SET "value" = ?, "updated_at" = ? WHERE "ar_internal_metadata"."key" = ?[0m  [["value", "test"], ["updated_at", "2018-05-28 16:05:09.289313"], ["key", "environment"]]
  ↳ bin/rails:9
  [1m[35m (78.4ms)[0m  [1m[36mcommit transaction[0m
  ↳ bin/rails:9
  [1m[35m (0.9ms)[0m  [1m[34mSELECT "schema_migrations"."version" FROM "schema_migrations" ORDER BY "schema_migrations"."version" ASC[0m
  ↳ bin/rails:9
  [1m[35m (0.1ms)[0m  [1m[36mbegin transaction[0m
  ↳ db/seeds.rb:12
  [1m[36mItem Create (1.3ms)[0m  [1m[32mINSERT INTO "items" ("title", "description", "price", "image_url", "created_at", "updated_at") VALUES (?, ?, ?, ?, ?, ?)[0m  [["title", "Mateo Price"], ["description", "Facere aspernatur ea minus quasi consequuntur et."], ["price", 17.74], ["image_url", "http://lorempixel.com/300/300"], ["created_at", "2018-05-28 16:05:09.511024"], ["updated_at", "2018-05-28 16:05:09.511024"]]
  ↳ db/seeds.rb:12
  [1m[35m (77.6ms)[0m  [1m[36mcommit transaction[0m
  ↳ db/seeds.rb:12
  [1m[35m (0.2ms)[0m  [1m[36mbegin transaction[0m
  ↳ db/seeds.rb:12
  [1m[36mItem Create (3.5ms)[0m  [1m[32mINSERT INTO "items" ("title", "description", "price", "image_url", "created_at", "updated_at") VALUES (?, ?, ?, ?, ?, ?)[0m  [["title", "Russ Kiehn"], ["description", "Doloremque quia id sunt."], ["price", 13.72], ["image_url", "http://lorempixel.com/300/300"], ["created_at", "2018-05-28 16:05:09.597781"], ["updated_at", "2018-05-28 16:05:09.597781"]]
  ↳ db/seeds.rb:12
  [1m[35m (73.3ms)[0m  [1m[36mcommit transaction[0m
  ↳ db/seeds.rb:12
  [1m[35m (0.3ms)[0m  [1m[36mbegin transaction[0m
  ↳ db/seeds.rb:12
  [1m[36mItem Create (7.1ms)[0m  [1m[32mINSERT INTO "items" ("title", "description", "price", "image_url", "created_at", "updated_at") VALUES (?, ?, ?, ?, ?, ?)[0m  [["title", "Javier Haag MD"], ["description", "Tenetur impedit ex culpa eius eum."], ["price", 90.51], ["image_url", "http://lorempixel.com/300/300"], ["created_at", "2018-05-28 16:05:09.684697"], ["updated_at", "2018-05-28 16:05:09.684697"]]
  ↳ db/seeds.rb:12
  [1m[35m (76.4ms)[0m  [1m[36mcommit transaction[0m
  ↳ db/seeds.rb:12
  [1m[35m (0.2ms)[0m  [1m[36mbegin transaction[0m
  ↳ db/seeds.rb:12
  [1m[36mItem Create (3.5ms)[0m  [1m[32mINSERT INTO "items" ("title", "description", "price", "image_url", "created_at", "updated_at") VALUES (?, ?, ?, ?, ?, ?)[0m  [["title", "Brooklyn Collier"], ["description", "Eos dicta qui officia consequatur corrupti odit voluptatem."], ["price", 90.99], ["image_url", "http://lorempixel.com/300/300"], ["created_at", "2018-05-28 16:05:09.775661"], ["updated_at", "2018-05-28 16:05:09.775661"]]
  ↳ db/seeds.rb:12
  [1m[35m (69.3ms)[0m  [1m[36mcommit transaction[0m
  ↳ db/seeds.rb:12
  [1m[35m (0.2ms)[0m  [1m[36mbegin transaction[0m
  ↳ db/seeds.rb:12
  [1m[36mItem Create (3.5ms)[0m  [1m[32mINSERT INTO "items" ("title", "description", "price", "image_url", "created_at", "updated_at") VALUES (?, ?, ?, ?, ?, ?)[0m  [["title", "Ms. Vaughn Wiza"], ["description", "Accusamus incidunt eum recusandae magnam rerum."], ["price", 72.18], ["image_url", "http://lorempixel.com/300/300"], ["created_at", "2018-05-28 16:05:09.863337"], ["updated_at", "2018-05-28 16:05:09.863337"]]
  ↳ db/seeds.rb:12
  [1m[35m (66.6ms)[0m  [1m[36mcommit transaction[0m
  ↳ db/seeds.rb:12
  [1m[35m (0.2ms)[0m  [1m[36mbegin transaction[0m
  ↳ db/seeds.rb:12
  [1m[36mItem Create (3.7ms)[0m  [1m[32mINSERT INTO "items" ("title", "description", "price", "image_url", "created_at", "updated_at") VALUES (?, ?, ?, ?, ?, ?)[0m  [["title", "Mr. Arjun Schinner"], ["description", "Ea velit perspiciatis id."], ["price", 40.52], ["image_url", "http://lorempixel.com/300/300"], ["created_at", "2018-05-28 16:05:09.947280"], ["updated_at", "2018-05-28 16:05:09.947280"]]
  ↳ db/seeds.rb:12
  [1m[35m (86.4ms)[0m  [1m[36mcommit transaction[0m
  ↳ db/seeds.rb:12
  [1m[35m (0.2ms)[0m  [1m[36mbegin transaction[0m
  ↳ db/seeds.rb:12
  [1m[36mItem Create (4.3ms)[0m  [1m[32mINSERT INTO "items" ("title", "description", "price", "image_url", "created_at", "updated_at") VALUES (?, ?, ?, ?, ?, ?)[0m  [["title", "Nicolas West"], ["description", "Laboriosam illum fugit non ipsa odit quisquam."], ["price", 67.58], ["image_url", "http://lorempixel.com/300/300"], ["created_at", "2018-05-28 16:05:10.046529"], ["updated_at", "2018-05-28 16:05:10.046529"]]
  ↳ db/seeds.rb:12
  [1m[35m (100.8ms)[0m  [1m[36mcommit transaction[0m
  ↳ db/seeds.rb:12
  [1m[35m (0.2ms)[0m  [1m[36mbegin transaction[0m
  ↳ db/seeds.rb:12
  [1m[36mItem Create (3.4ms)[0m  [1m[32mINSERT INTO "items" ("title", "description", "price", "image_url", "created_at", "updated_at") VALUES (?, ?, ?, ?, ?, ?)[0m  [["title", "Verna Emard"], ["description", "Recusandae quam eligendi cumque illo est."], ["price", 82.18], ["image_url", "http://lorempixel.com/300/300"], ["created_at", "2018-05-28 16:05:10.159595"], ["updated_at", "2018-05-28 16:05:10.159595"]]
  ↳ db/seeds.rb:12
  [1m[35m (66.4ms)[0m  [1m[36mcommit transaction[0m
  ↳ db/seeds.rb:12
  [1m[35m (0.2ms)[0m  [1m[36mbegin transaction[0m
  ↳ db/seeds.rb:12
  [1m[36mItem Create (3.3ms)[0m  [1m[32mINSERT INTO "items" ("title", "description", "price", "image_url", "created_at", "updated_at") VALUES (?, ?, ?, ?, ?, ?)[0m  [["title", "Guadalupe Hansen"], ["description", "Mollitia harum culpa enim eveniet dicta."], ["price", 94.52], ["image_url", "http://lorempixel.com/300/300"], ["created_at", "2018-05-28 16:05:10.242866"], ["updated_at", "2018-05-28 16:05:10.242866"]]
  ↳ db/seeds.rb:12
  [1m[35m (85.0ms)[0m  [1m[36mcommit transaction[0m
  ↳ db/seeds.rb:12
  [1m[35m (0.2ms)[0m  [1m[36mbegin transaction[0m
  ↳ db/seeds.rb:12
  [1m[36mItem Create (3.0ms)[0m  [1m[32mINSERT INTO "items" ("title", "description", "price", "image_url", "created_at", "updated_at") VALUES (?, ?, ?, ?, ?, ?)[0m  [["title", "Ewell Stroman"], ["description", "Est debitis consequatur deserunt quo consectetur."], ["price", 88.59], ["image_url", "http://lorempixel.com/300/300"], ["created_at", "2018-05-28 16:05:10.339444"], ["updated_at", "2018-05-28 16:05:10.339444"]]
  ↳ db/seeds.rb:12
  [1m[35m (69.7ms)[0m  [1m[36mcommit transaction[0m
  ↳ db/seeds.rb:12
  [1m[35m (0.9ms)[0m  [1m[36mbegin transaction[0m
  ↳ db/seeds.rb:12
  [1m[36mItem Create (3.4ms)[0m  [1m[32mINSERT INTO "items" ("title", "description", "price", "image_url", "created_at", "updated_at") VALUES (?, ?, ?, ?, ?, ?)[0m  [["title", "Kristofer Bednar II"], ["description", "Atque nihil eos quaerat."], ["price", 11.94], ["image_url", "http://lorempixel.com/300/300"], ["created_at", "2018-05-28 16:05:10.421870"], ["updated_at", "2018-05-28 16:05:10.421870"]]
  ↳ db/seeds.rb:12
  [1m[35m (79.0ms)[0m  [1m[36mcommit transaction[0m
  ↳ db/seeds.rb:12
  [1m[35m (0.2ms)[0m  [1m[36mbegin transaction[0m
  ↳ db/seeds.rb:12
  [1m[36mItem Create (4.1ms)[0m  [1m[32mINSERT INTO "items" ("title", "description", "price", "image_url", "created_at", "updated_at") VALUES (?, ?, ?, ?, ?, ?)[0m  [["title", "Robin MacGyver"], ["description", "Est in quia omnis."], ["price", 26.89], ["image_url", "http://lorempixel.com/300/300"], ["created_at", "2018-05-28 16:05:10.518652"], ["updated_at", "2018-05-28 16:05:10.518652"]]
  ↳ db/seeds.rb:12
  [1m[35m (75.6ms)[0m  [1m[36mcommit transaction[0m
  ↳ db/seeds.rb:12
  [1m[35m (0.2ms)[0m  [1m[36mbegin transaction[0m
  ↳ db/seeds.rb:12
  [1m[36mItem Create (9.3ms)[0m  [1m[32mINSERT INTO "items" ("title", "description", "price", "image_url", "created_at", "updated_at") VALUES (?, ?, ?, ?, ?, ?)[0m  [["title", "Victor Jacobson"], ["description", "Officia quisquam ipsa vero nesciunt."], ["price", 36.89], ["image_url", "http://lorempixel.com/300/300"], ["created_at", "2018-05-28 16:05:10.611600"], ["updated_at", "2018-05-28 16:05:10.611600"]]
  ↳ db/seeds.rb:12
  [1m[35m (74.9ms)[0m  [1m[36mcommit transaction[0m
  ↳ db/seeds.rb:12
  [1m[35m (0.2ms)[0m  [1m[36mbegin transaction[0m
  ↳ db/seeds.rb:12
  [1m[36mItem Create (3.7ms)[0m  [1m[32mINSERT INTO "items" ("title", "description", "price", "image_url", "created_at", "updated_at") VALUES (?, ?, ?, ?, ?, ?)[0m  [["title", "Miss Zander Will"], ["description", "Voluptates molestias enim ut distinctio."], ["price", 11.17], ["image_url", "http://lorempixel.com/300/300"], ["created_at", "2018-05-28 16:05:10.707060"], ["updated_at", "2018-05-28 16:05:10.707060"]]
  ↳ db/seeds.rb:12
  [1m[35m (78.0ms)[0m  [1m[36mcommit transaction[0m
  ↳ db/seeds.rb:12
  [1m[35m (0.2ms)[0m  [1m[36mbegin transaction[0m
  ↳ db/seeds.rb:12
  [1m[36mItem Create (3.4ms)[0m  [1m[32mINSERT INTO "items" ("title", "description", "price", "image_url", "created_at", "updated_at") VALUES (?, ?, ?, ?, ?, ?)[0m  [["title", "Albin Dooley"], ["description", "Repellat sint voluptatem minus et unde nisi natus quisquam."], ["price", 50.14], ["image_url", "http://lorempixel.com/300/300"], ["created_at", "2018-05-28 16:05:10.803412"], ["updated_at", "2018-05-28 16:05:10.803412"]]
  ↳ db/seeds.rb:12
  [1m[35m (78.5ms)[0m  [1m[36mcommit transaction[0m
  ↳ db/seeds.rb:12
  [1m[35m (0.2ms)[0m  [1m[36mbegin transaction[0m
  ↳ db/seeds.rb:12
  [1m[36mItem Create (2.8ms)[0m  [1m[32mINSERT INTO "items" ("title", "description", "price", "image_url", "created_at", "updated_at") VALUES (?, ?, ?, ?, ?, ?)[0m  [["title", "Mr. Oscar Howell"], ["description", "Voluptatem dolorem necessitatibus laudantium sint."], ["price", 30.36], ["image_url", "http://lorempixel.com/300/300"], ["created_at", "2018-05-28 16:05:10.898634"], ["updated_at", "2018-05-28 16:05:10.898634"]]
  ↳ db/seeds.rb:12
  [1m[35m (65.7ms)[0m  [1m[36mcommit transaction[0m
  ↳ db/seeds.rb:12
  [1m[35m (0.2ms)[0m  [1m[36mbegin transaction[0m
  ↳ db/seeds.rb:12
  [1m[36mItem Create (3.1ms)[0m  [1m[32mINSERT INTO "items" ("title", "description", "price", "image_url", "created_at", "updated_at") VALUES (?, ?, ?, ?, ?, ?)[0m  [["title", "Preston Murray"], ["description", "Libero accusantium distinctio fuga beatae quisquam."], ["price", 15.64], ["image_url", "http://lorempixel.com/300/300"], ["created_at", "2018-05-28 16:05:10.982547"], ["updated_at", "2018-05-28 16:05:10.982547"]]
  ↳ db/seeds.rb:12
  [1m[35m (78.2ms)[0m  [1m[36mcommit transaction[0m
  ↳ db/seeds.rb:12
  [1m[35m (0.2ms)[0m  [1m[36mbegin transaction[0m
  ↳ db/seeds.rb:12
  [1m[36mItem Create (3.7ms)[0m  [1m[32mINSERT INTO "items" ("title", "description", "price", "image_url", "created_at", "updated_at") VALUES (?, ?, ?, ?, ?, ?)[0m  [["title", "Dr. Claud Mohr"], ["description", "Voluptates repellat ut ut sed deleniti."], ["price", 31.31], ["image_url", "http://lorempixel.com/300/300"], ["created_at", "2018-05-28 16:05:11.076752"], ["updated_at", "2018-05-28 16:05:11.076752"]]
  ↳ db/seeds.rb:12
  [1m[35m (80.8ms)[0m  [1m[36mcommit transaction[0m
  ↳ db/seeds.rb:12
  [1m[35m (0.2ms)[0m  [1m[36mbegin transaction[0m
  ↳ db/seeds.rb:12
  [1m[36mItem Create (3.1ms)[0m  [1m[32mINSERT INTO "items" ("title", "description", "price", "image_url", "created_at", "updated_at") VALUES (?, ?, ?, ?, ?, ?)[0m  [["title", "Ivy Waelchi"], ["description", "Eum quia asperiores illum."], ["price", 39.22], ["image_url", "http://lorempixel.com/300/300"], ["created_at", "2018-05-28 16:05:11.173194"], ["updated_at", "2018-05-28 16:05:11.173194"]]
  ↳ db/seeds.rb:12
  [1m[35m (67.1ms)[0m  [1m[36mcommit transaction[0m
  ↳ db/seeds.rb:12
  [1m[35m (0.2ms)[0m  [1m[36mbegin transaction[0m
  ↳ db/seeds.rb:12
  [1m[36mItem Create (3.3ms)[0m  [1m[32mINSERT INTO "items" ("title", "description", "price", "image_url", "created_at", "updated_at") VALUES (?, ?, ?, ?, ?, ?)[0m  [["title", "Reyes Rutherford"], ["description", "Doloribus qui voluptatibus vel ea."], ["price", 58.57], ["image_url", "http://lorempixel.com/300/300"], ["created_at", "2018-05-28 16:05:11.257382"], ["updated_at", "2018-05-28 16:05:11.257382"]]
  ↳ db/seeds.rb:12
  [1m[35m (78.0ms)[0m  [1m[36mcommit transaction[0m
  ↳ db/seeds.rb:12
>>>>>>> 20666aab42e6ba99dfba0383572fa1fefa9862b2
>>>>>>> master
