I, [2018-05-28T21:46:05.260272 #4323]  INFO -- : [6cae9e19-726f-4d2b-a871-5aa2169321d9] Started GET "/" for 127.0.0.1 at 2018-05-28 21:46:05 +0200
I, [2018-05-28T21:46:05.263747 #4323]  INFO -- : [6cae9e19-726f-4d2b-a871-5aa2169321d9] Processing by HomeController#index as HTML
I, [2018-05-28T21:46:05.292193 #4323]  INFO -- : [6cae9e19-726f-4d2b-a871-5aa2169321d9]   Rendering home/index.html.erb within layouts/application
I, [2018-05-28T21:46:05.293084 #4323]  INFO -- : [6cae9e19-726f-4d2b-a871-5aa2169321d9]   Rendered home/index.html.erb within layouts/application (0.6ms)
I, [2018-05-28T21:46:05.295280 #4323]  INFO -- : [6cae9e19-726f-4d2b-a871-5aa2169321d9] Completed 200 OK in 31ms (Views: 13.8ms)
I, [2018-05-28T21:46:05.347648 #4323]  INFO -- : [bf4cf17b-924c-4238-aa8f-1ddd0a6dedac] Started GET "/assets/application-bd4d90efeeadd8bb70148a6276a91495f3e0d24675c393961da373fe2be0b547.css" for 127.0.0.1 at 2018-05-28 21:46:05 +0200
I, [2018-05-28T21:46:05.348024 #4323]  INFO -- : [4b14200a-d910-4ae0-ba93-09fb6fc6467b] Started GET "/assets/application-1db16ddbdbb8ba0fb708df682b4a2d9ecf1d1ec996f9ad8a0b6deee93affbfde.js" for 127.0.0.1 at 2018-05-28 21:46:05 +0200
I, [2018-05-28T21:46:08.379123 #4323]  INFO -- : [636dfec3-e61e-4b73-bfc6-91d98ebe971b] Started GET "/" for 127.0.0.1 at 2018-05-28 21:46:08 +0200
I, [2018-05-28T21:46:08.380109 #4323]  INFO -- : [636dfec3-e61e-4b73-bfc6-91d98ebe971b] Processing by HomeController#index as HTML
I, [2018-05-28T21:46:08.380985 #4323]  INFO -- : [636dfec3-e61e-4b73-bfc6-91d98ebe971b]   Rendering home/index.html.erb within layouts/application
I, [2018-05-28T21:46:08.381145 #4323]  INFO -- : [636dfec3-e61e-4b73-bfc6-91d98ebe971b]   Rendered home/index.html.erb within layouts/application (0.0ms)
I, [2018-05-28T21:46:08.381806 #4323]  INFO -- : [636dfec3-e61e-4b73-bfc6-91d98ebe971b] Completed 200 OK in 2ms (Views: 1.0ms)
I, [2018-05-28T21:46:34.947718 #4323]  INFO -- : [97a239c0-a663-423f-8c64-2af75c13f8de] Started GET "/" for 127.0.0.1 at 2018-05-28 21:46:34 +0200
I, [2018-05-28T21:46:34.948502 #4323]  INFO -- : [97a239c0-a663-423f-8c64-2af75c13f8de] Processing by HomeController#index as HTML
I, [2018-05-28T21:46:34.949396 #4323]  INFO -- : [97a239c0-a663-423f-8c64-2af75c13f8de]   Rendering home/index.html.erb within layouts/application
I, [2018-05-28T21:46:34.949685 #4323]  INFO -- : [97a239c0-a663-423f-8c64-2af75c13f8de]   Rendered home/index.html.erb within layouts/application (0.0ms)
I, [2018-05-28T21:46:34.950410 #4323]  INFO -- : [97a239c0-a663-423f-8c64-2af75c13f8de] Completed 200 OK in 2ms (Views: 1.2ms)
I, [2018-05-29T13:13:01.993056 #4826]  INFO -- : [838e9d06-6ef7-4981-8ea3-b428bcaa1b7b] Started GET "/" for 127.0.0.1 at 2018-05-29 13:13:01 +0200
I, [2018-05-29T13:13:02.111079 #4826]  INFO -- : [838e9d06-6ef7-4981-8ea3-b428bcaa1b7b] Processing by HomeController#index as HTML
I, [2018-05-29T13:13:02.146487 #4826]  INFO -- : [838e9d06-6ef7-4981-8ea3-b428bcaa1b7b]   Rendering home/index.html.erb within layouts/application
I, [2018-05-29T13:13:02.147456 #4826]  INFO -- : [838e9d06-6ef7-4981-8ea3-b428bcaa1b7b]   Rendered home/index.html.erb within layouts/application (0.7ms)
I, [2018-05-29T13:13:02.149911 #4826]  INFO -- : [838e9d06-6ef7-4981-8ea3-b428bcaa1b7b] Completed 200 OK in 38ms (Views: 12.7ms)
I, [2018-05-29T13:13:02.210542 #4826]  INFO -- : [8d1d3429-d065-4d6b-b2fb-ebbe8ed80264] Started GET "/assets/application-bd4d90efeeadd8bb70148a6276a91495f3e0d24675c393961da373fe2be0b547.css" for 127.0.0.1 at 2018-05-29 13:13:02 +0200
I, [2018-05-29T13:13:02.210889 #4826]  INFO -- : [fdbb2192-05eb-4044-b148-8cd52df8c181] Started GET "/assets/application-1db16ddbdbb8ba0fb708df682b4a2d9ecf1d1ec996f9ad8a0b6deee93affbfde.js" for 127.0.0.1 at 2018-05-29 13:13:02 +0200
F, [2018-05-29T13:13:03.377449 #4826] FATAL -- : [8d1d3429-d065-4d6b-b2fb-ebbe8ed80264]   
F, [2018-05-29T13:13:03.377552 #4826] FATAL -- : [8d1d3429-d065-4d6b-b2fb-ebbe8ed80264] ActionController::RoutingError (No route matches [GET] "/assets/application-bd4d90efeeadd8bb70148a6276a91495f3e0d24675c393961da373fe2be0b547.css"):
F, [2018-05-29T13:13:03.377595 #4826] FATAL -- : [8d1d3429-d065-4d6b-b2fb-ebbe8ed80264]   
F, [2018-05-29T13:13:03.378027 #4826] FATAL -- : [8d1d3429-d065-4d6b-b2fb-ebbe8ed80264] actionpack (5.2.0) lib/action_dispatch/middleware/debug_exceptions.rb:65:in `call'
[8d1d3429-d065-4d6b-b2fb-ebbe8ed80264] actionpack (5.2.0) lib/action_dispatch/middleware/show_exceptions.rb:33:in `call'
[8d1d3429-d065-4d6b-b2fb-ebbe8ed80264] railties (5.2.0) lib/rails/rack/logger.rb:38:in `call_app'
[8d1d3429-d065-4d6b-b2fb-ebbe8ed80264] railties (5.2.0) lib/rails/rack/logger.rb:26:in `block in call'
[8d1d3429-d065-4d6b-b2fb-ebbe8ed80264] activesupport (5.2.0) lib/active_support/tagged_logging.rb:71:in `block in tagged'
[8d1d3429-d065-4d6b-b2fb-ebbe8ed80264] activesupport (5.2.0) lib/active_support/tagged_logging.rb:28:in `tagged'
[8d1d3429-d065-4d6b-b2fb-ebbe8ed80264] activesupport (5.2.0) lib/active_support/tagged_logging.rb:71:in `tagged'
[8d1d3429-d065-4d6b-b2fb-ebbe8ed80264] railties (5.2.0) lib/rails/rack/logger.rb:26:in `call'
[8d1d3429-d065-4d6b-b2fb-ebbe8ed80264] actionpack (5.2.0) lib/action_dispatch/middleware/remote_ip.rb:81:in `call'
[8d1d3429-d065-4d6b-b2fb-ebbe8ed80264] actionpack (5.2.0) lib/action_dispatch/middleware/request_id.rb:27:in `call'
[8d1d3429-d065-4d6b-b2fb-ebbe8ed80264] rack (2.0.5) lib/rack/method_override.rb:22:in `call'
[8d1d3429-d065-4d6b-b2fb-ebbe8ed80264] rack (2.0.5) lib/rack/runtime.rb:22:in `call'
[8d1d3429-d065-4d6b-b2fb-ebbe8ed80264] activesupport (5.2.0) lib/active_support/cache/strategy/local_cache_middleware.rb:29:in `call'
[8d1d3429-d065-4d6b-b2fb-ebbe8ed80264] actionpack (5.2.0) lib/action_dispatch/middleware/executor.rb:14:in `call'
[8d1d3429-d065-4d6b-b2fb-ebbe8ed80264] rack (2.0.5) lib/rack/sendfile.rb:111:in `call'
[8d1d3429-d065-4d6b-b2fb-ebbe8ed80264] railties (5.2.0) lib/rails/engine.rb:524:in `call'
[8d1d3429-d065-4d6b-b2fb-ebbe8ed80264] puma (3.11.4) lib/puma/configuration.rb:225:in `call'
[8d1d3429-d065-4d6b-b2fb-ebbe8ed80264] puma (3.11.4) lib/puma/server.rb:632:in `handle_request'
[8d1d3429-d065-4d6b-b2fb-ebbe8ed80264] puma (3.11.4) lib/puma/server.rb:446:in `process_client'
[8d1d3429-d065-4d6b-b2fb-ebbe8ed80264] puma (3.11.4) lib/puma/server.rb:306:in `block in run'
[8d1d3429-d065-4d6b-b2fb-ebbe8ed80264] puma (3.11.4) lib/puma/thread_pool.rb:120:in `block in spawn_thread'
I, [2018-05-29T13:14:00.820006 #5013]  INFO -- : [e4a8061c-649c-4901-a900-53ca9676e912] Started GET "/" for 127.0.0.1 at 2018-05-29 13:14:00 +0200
I, [2018-05-29T13:14:00.824232 #5013]  INFO -- : [e4a8061c-649c-4901-a900-53ca9676e912] Processing by HomeController#index as HTML
I, [2018-05-29T13:14:00.845884 #5013]  INFO -- : [e4a8061c-649c-4901-a900-53ca9676e912]   Rendering home/index.html.erb within layouts/application
I, [2018-05-29T13:14:00.846664 #5013]  INFO -- : [e4a8061c-649c-4901-a900-53ca9676e912]   Rendered home/index.html.erb within layouts/application (0.5ms)
I, [2018-05-29T13:14:00.848520 #5013]  INFO -- : [e4a8061c-649c-4901-a900-53ca9676e912] Completed 200 OK in 24ms (Views: 10.5ms)
I, [2018-05-29T13:14:00.889247 #5013]  INFO -- : [7a08259d-6280-44d7-8bf0-f98cd61ccf57] Started GET "/assets/application-cab28972da219555fab1afa6e23e6448ed4ec2bc6fdf0f08096e6f5ec78f14be.css" for 127.0.0.1 at 2018-05-29 13:14:00 +0200
I, [2018-05-29T13:14:01.068813 #5013]  INFO -- : [03d49625-e482-41dc-8709-e91af959aae7] Started GET "/assets/application-1db16ddbdbb8ba0fb708df682b4a2d9ecf1d1ec996f9ad8a0b6deee93affbfde.js" for 127.0.0.1 at 2018-05-29 13:14:01 +0200
I, [2018-05-29T13:14:06.458678 #5013]  INFO -- : [4a7c68f5-6494-4504-81e2-71a32e7d8ef6] Started GET "/users/sign_up" for 127.0.0.1 at 2018-05-29 13:14:06 +0200
I, [2018-05-29T13:14:06.459706 #5013]  INFO -- : [4a7c68f5-6494-4504-81e2-71a32e7d8ef6] Processing by Devise::RegistrationsController#new as HTML
I, [2018-05-29T13:14:06.466618 #5013]  INFO -- : [4a7c68f5-6494-4504-81e2-71a32e7d8ef6] Completed 500 Internal Server Error in 7ms (ActiveRecord: 0.5ms)
F, [2018-05-29T13:14:06.467762 #5013] FATAL -- : [4a7c68f5-6494-4504-81e2-71a32e7d8ef6]   
F, [2018-05-29T13:14:06.467834 #5013] FATAL -- : [4a7c68f5-6494-4504-81e2-71a32e7d8ef6] ActiveRecord::StatementInvalid (Could not find table 'users'):
F, [2018-05-29T13:14:06.467921 #5013] FATAL -- : [4a7c68f5-6494-4504-81e2-71a32e7d8ef6]   
F, [2018-05-29T13:14:06.468004 #5013] FATAL -- : [4a7c68f5-6494-4504-81e2-71a32e7d8ef6] activerecord (5.2.0) lib/active_record/connection_adapters/sqlite3_adapter.rb:397:in `table_structure'
[4a7c68f5-6494-4504-81e2-71a32e7d8ef6] activerecord (5.2.0) lib/active_record/connection_adapters/abstract/schema_statements.rb:113:in `columns'
[4a7c68f5-6494-4504-81e2-71a32e7d8ef6] activerecord (5.2.0) lib/active_record/connection_adapters/schema_cache.rb:69:in `columns'
[4a7c68f5-6494-4504-81e2-71a32e7d8ef6] activerecord (5.2.0) lib/active_record/connection_adapters/schema_cache.rb:75:in `columns_hash'
[4a7c68f5-6494-4504-81e2-71a32e7d8ef6] activerecord (5.2.0) lib/active_record/model_schema.rb:466:in `load_schema!'
[4a7c68f5-6494-4504-81e2-71a32e7d8ef6] activerecord (5.2.0) lib/active_record/attributes.rb:234:in `load_schema!'
[4a7c68f5-6494-4504-81e2-71a32e7d8ef6] activerecord (5.2.0) lib/active_record/attribute_decorators.rb:51:in `load_schema!'
[4a7c68f5-6494-4504-81e2-71a32e7d8ef6] activerecord (5.2.0) lib/active_record/model_schema.rb:459:in `block in load_schema'
[4a7c68f5-6494-4504-81e2-71a32e7d8ef6] /home/malus/.rvm/rubies/ruby-2.3.4/lib/ruby/2.3.0/monitor.rb:214:in `mon_synchronize'
[4a7c68f5-6494-4504-81e2-71a32e7d8ef6] activerecord (5.2.0) lib/active_record/model_schema.rb:456:in `load_schema'
[4a7c68f5-6494-4504-81e2-71a32e7d8ef6] activerecord (5.2.0) lib/active_record/model_schema.rb:346:in `attribute_types'
[4a7c68f5-6494-4504-81e2-71a32e7d8ef6] activerecord (5.2.0) lib/active_record/attribute_methods.rb:230:in `has_attribute?'
[4a7c68f5-6494-4504-81e2-71a32e7d8ef6] activerecord (5.2.0) lib/active_record/inheritance.rb:55:in `new'
[4a7c68f5-6494-4504-81e2-71a32e7d8ef6] devise (4.4.3) lib/devise/models/registerable.rb:22:in `new_with_session'
[4a7c68f5-6494-4504-81e2-71a32e7d8ef6] devise (4.4.3) app/controllers/devise/registrations_controller.rb:103:in `build_resource'
[4a7c68f5-6494-4504-81e2-71a32e7d8ef6] devise (4.4.3) app/controllers/devise/registrations_controller.rb:10:in `new'
[4a7c68f5-6494-4504-81e2-71a32e7d8ef6] actionpack (5.2.0) lib/action_controller/metal/basic_implicit_render.rb:6:in `send_action'
[4a7c68f5-6494-4504-81e2-71a32e7d8ef6] actionpack (5.2.0) lib/abstract_controller/base.rb:194:in `process_action'
[4a7c68f5-6494-4504-81e2-71a32e7d8ef6] actionpack (5.2.0) lib/action_controller/metal/rendering.rb:30:in `process_action'
[4a7c68f5-6494-4504-81e2-71a32e7d8ef6] actionpack (5.2.0) lib/abstract_controller/callbacks.rb:42:in `block in process_action'
[4a7c68f5-6494-4504-81e2-71a32e7d8ef6] activesupport (5.2.0) lib/active_support/callbacks.rb:132:in `run_callbacks'
[4a7c68f5-6494-4504-81e2-71a32e7d8ef6] actionpack (5.2.0) lib/abstract_controller/callbacks.rb:41:in `process_action'
[4a7c68f5-6494-4504-81e2-71a32e7d8ef6] actionpack (5.2.0) lib/action_controller/metal/rescue.rb:22:in `process_action'
[4a7c68f5-6494-4504-81e2-71a32e7d8ef6] actionpack (5.2.0) lib/action_controller/metal/instrumentation.rb:34:in `block in process_action'
[4a7c68f5-6494-4504-81e2-71a32e7d8ef6] activesupport (5.2.0) lib/active_support/notifications.rb:168:in `block in instrument'
[4a7c68f5-6494-4504-81e2-71a32e7d8ef6] activesupport (5.2.0) lib/active_support/notifications/instrumenter.rb:23:in `instrument'
[4a7c68f5-6494-4504-81e2-71a32e7d8ef6] activesupport (5.2.0) lib/active_support/notifications.rb:168:in `instrument'
[4a7c68f5-6494-4504-81e2-71a32e7d8ef6] actionpack (5.2.0) lib/action_controller/metal/instrumentation.rb:32:in `process_action'
[4a7c68f5-6494-4504-81e2-71a32e7d8ef6] actionpack (5.2.0) lib/action_controller/metal/params_wrapper.rb:256:in `process_action'
[4a7c68f5-6494-4504-81e2-71a32e7d8ef6] activerecord (5.2.0) lib/active_record/railties/controller_runtime.rb:24:in `process_action'
[4a7c68f5-6494-4504-81e2-71a32e7d8ef6] actionpack (5.2.0) lib/abstract_controller/base.rb:134:in `process'
[4a7c68f5-6494-4504-81e2-71a32e7d8ef6] actionview (5.2.0) lib/action_view/rendering.rb:32:in `process'
[4a7c68f5-6494-4504-81e2-71a32e7d8ef6] actionpack (5.2.0) lib/action_controller/metal.rb:191:in `dispatch'
[4a7c68f5-6494-4504-81e2-71a32e7d8ef6] actionpack (5.2.0) lib/action_controller/metal.rb:252:in `dispatch'
[4a7c68f5-6494-4504-81e2-71a32e7d8ef6] actionpack (5.2.0) lib/action_dispatch/routing/route_set.rb:52:in `dispatch'
[4a7c68f5-6494-4504-81e2-71a32e7d8ef6] actionpack (5.2.0) lib/action_dispatch/routing/route_set.rb:34:in `serve'
[4a7c68f5-6494-4504-81e2-71a32e7d8ef6] actionpack (5.2.0) lib/action_dispatch/routing/mapper.rb:18:in `block in <class:Constraints>'
[4a7c68f5-6494-4504-81e2-71a32e7d8ef6] actionpack (5.2.0) lib/action_dispatch/routing/mapper.rb:48:in `serve'
[4a7c68f5-6494-4504-81e2-71a32e7d8ef6] actionpack (5.2.0) lib/action_dispatch/journey/router.rb:52:in `block in serve'
[4a7c68f5-6494-4504-81e2-71a32e7d8ef6] actionpack (5.2.0) lib/action_dispatch/journey/router.rb:35:in `each'
[4a7c68f5-6494-4504-81e2-71a32e7d8ef6] actionpack (5.2.0) lib/action_dispatch/journey/router.rb:35:in `serve'
[4a7c68f5-6494-4504-81e2-71a32e7d8ef6] actionpack (5.2.0) lib/action_dispatch/routing/route_set.rb:840:in `call'
[4a7c68f5-6494-4504-81e2-71a32e7d8ef6] warden (1.2.7) lib/warden/manager.rb:36:in `block in call'
[4a7c68f5-6494-4504-81e2-71a32e7d8ef6] warden (1.2.7) lib/warden/manager.rb:35:in `catch'
[4a7c68f5-6494-4504-81e2-71a32e7d8ef6] warden (1.2.7) lib/warden/manager.rb:35:in `call'
[4a7c68f5-6494-4504-81e2-71a32e7d8ef6] rack (2.0.5) lib/rack/tempfile_reaper.rb:15:in `call'
[4a7c68f5-6494-4504-81e2-71a32e7d8ef6] rack (2.0.5) lib/rack/etag.rb:25:in `call'
[4a7c68f5-6494-4504-81e2-71a32e7d8ef6] rack (2.0.5) lib/rack/conditional_get.rb:25:in `call'
[4a7c68f5-6494-4504-81e2-71a32e7d8ef6] rack (2.0.5) lib/rack/head.rb:12:in `call'
[4a7c68f5-6494-4504-81e2-71a32e7d8ef6] actionpack (5.2.0) lib/action_dispatch/http/content_security_policy.rb:18:in `call'
[4a7c68f5-6494-4504-81e2-71a32e7d8ef6] rack (2.0.5) lib/rack/session/abstract/id.rb:232:in `context'
[4a7c68f5-6494-4504-81e2-71a32e7d8ef6] rack (2.0.5) lib/rack/session/abstract/id.rb:226:in `call'
[4a7c68f5-6494-4504-81e2-71a32e7d8ef6] actionpack (5.2.0) lib/action_dispatch/middleware/cookies.rb:670:in `call'
[4a7c68f5-6494-4504-81e2-71a32e7d8ef6] actionpack (5.2.0) lib/action_dispatch/middleware/callbacks.rb:28:in `block in call'
[4a7c68f5-6494-4504-81e2-71a32e7d8ef6] activesupport (5.2.0) lib/active_support/callbacks.rb:98:in `run_callbacks'
[4a7c68f5-6494-4504-81e2-71a32e7d8ef6] actionpack (5.2.0) lib/action_dispatch/middleware/callbacks.rb:26:in `call'
[4a7c68f5-6494-4504-81e2-71a32e7d8ef6] actionpack (5.2.0) lib/action_dispatch/middleware/debug_exceptions.rb:61:in `call'
[4a7c68f5-6494-4504-81e2-71a32e7d8ef6] actionpack (5.2.0) lib/action_dispatch/middleware/show_exceptions.rb:33:in `call'
[4a7c68f5-6494-4504-81e2-71a32e7d8ef6] railties (5.2.0) lib/rails/rack/logger.rb:38:in `call_app'
[4a7c68f5-6494-4504-81e2-71a32e7d8ef6] railties (5.2.0) lib/rails/rack/logger.rb:26:in `block in call'
[4a7c68f5-6494-4504-81e2-71a32e7d8ef6] activesupport (5.2.0) lib/active_support/tagged_logging.rb:71:in `block in tagged'
[4a7c68f5-6494-4504-81e2-71a32e7d8ef6] activesupport (5.2.0) lib/active_support/tagged_logging.rb:28:in `tagged'
[4a7c68f5-6494-4504-81e2-71a32e7d8ef6] activesupport (5.2.0) lib/active_support/tagged_logging.rb:71:in `tagged'
[4a7c68f5-6494-4504-81e2-71a32e7d8ef6] railties (5.2.0) lib/rails/rack/logger.rb:26:in `call'
[4a7c68f5-6494-4504-81e2-71a32e7d8ef6] actionpack (5.2.0) lib/action_dispatch/middleware/remote_ip.rb:81:in `call'
[4a7c68f5-6494-4504-81e2-71a32e7d8ef6] actionpack (5.2.0) lib/action_dispatch/middleware/request_id.rb:27:in `call'
[4a7c68f5-6494-4504-81e2-71a32e7d8ef6] rack (2.0.5) lib/rack/method_override.rb:22:in `call'
[4a7c68f5-6494-4504-81e2-71a32e7d8ef6] rack (2.0.5) lib/rack/runtime.rb:22:in `call'
[4a7c68f5-6494-4504-81e2-71a32e7d8ef6] activesupport (5.2.0) lib/active_support/cache/strategy/local_cache_middleware.rb:29:in `call'
[4a7c68f5-6494-4504-81e2-71a32e7d8ef6] actionpack (5.2.0) lib/action_dispatch/middleware/executor.rb:14:in `call'
[4a7c68f5-6494-4504-81e2-71a32e7d8ef6] rack (2.0.5) lib/rack/sendfile.rb:111:in `call'
[4a7c68f5-6494-4504-81e2-71a32e7d8ef6] railties (5.2.0) lib/rails/engine.rb:524:in `call'
[4a7c68f5-6494-4504-81e2-71a32e7d8ef6] puma (3.11.4) lib/puma/configuration.rb:225:in `call'
[4a7c68f5-6494-4504-81e2-71a32e7d8ef6] puma (3.11.4) lib/puma/server.rb:632:in `handle_request'
[4a7c68f5-6494-4504-81e2-71a32e7d8ef6] puma (3.11.4) lib/puma/server.rb:446:in `process_client'
[4a7c68f5-6494-4504-81e2-71a32e7d8ef6] puma (3.11.4) lib/puma/server.rb:306:in `block in run'
[4a7c68f5-6494-4504-81e2-71a32e7d8ef6] puma (3.11.4) lib/puma/thread_pool.rb:120:in `block in spawn_thread'
I, [2018-05-29T13:14:09.945474 #5013]  INFO -- : [edd92c6b-0ccc-466d-bb14-37afe31c7081] Started GET "/users/sign_in" for 127.0.0.1 at 2018-05-29 13:14:09 +0200
I, [2018-05-29T13:14:09.946474 #5013]  INFO -- : [edd92c6b-0ccc-466d-bb14-37afe31c7081] Processing by Devise::SessionsController#new as HTML
I, [2018-05-29T13:14:09.948608 #5013]  INFO -- : [edd92c6b-0ccc-466d-bb14-37afe31c7081] Completed 500 Internal Server Error in 2ms (ActiveRecord: 0.1ms)
F, [2018-05-29T13:14:09.949765 #5013] FATAL -- : [edd92c6b-0ccc-466d-bb14-37afe31c7081]   
F, [2018-05-29T13:14:09.949894 #5013] FATAL -- : [edd92c6b-0ccc-466d-bb14-37afe31c7081] ActiveRecord::StatementInvalid (Could not find table 'users'):
F, [2018-05-29T13:14:09.949961 #5013] FATAL -- : [edd92c6b-0ccc-466d-bb14-37afe31c7081]   
F, [2018-05-29T13:14:09.950040 #5013] FATAL -- : [edd92c6b-0ccc-466d-bb14-37afe31c7081] activerecord (5.2.0) lib/active_record/connection_adapters/sqlite3_adapter.rb:397:in `table_structure'
[edd92c6b-0ccc-466d-bb14-37afe31c7081] activerecord (5.2.0) lib/active_record/connection_adapters/abstract/schema_statements.rb:113:in `columns'
[edd92c6b-0ccc-466d-bb14-37afe31c7081] activerecord (5.2.0) lib/active_record/connection_adapters/schema_cache.rb:69:in `columns'
[edd92c6b-0ccc-466d-bb14-37afe31c7081] activerecord (5.2.0) lib/active_record/connection_adapters/schema_cache.rb:75:in `columns_hash'
[edd92c6b-0ccc-466d-bb14-37afe31c7081] activerecord (5.2.0) lib/active_record/model_schema.rb:466:in `load_schema!'
[edd92c6b-0ccc-466d-bb14-37afe31c7081] activerecord (5.2.0) lib/active_record/attributes.rb:234:in `load_schema!'
[edd92c6b-0ccc-466d-bb14-37afe31c7081] activerecord (5.2.0) lib/active_record/attribute_decorators.rb:51:in `load_schema!'
[edd92c6b-0ccc-466d-bb14-37afe31c7081] activerecord (5.2.0) lib/active_record/model_schema.rb:459:in `block in load_schema'
[edd92c6b-0ccc-466d-bb14-37afe31c7081] /home/malus/.rvm/rubies/ruby-2.3.4/lib/ruby/2.3.0/monitor.rb:214:in `mon_synchronize'
[edd92c6b-0ccc-466d-bb14-37afe31c7081] activerecord (5.2.0) lib/active_record/model_schema.rb:456:in `load_schema'
[edd92c6b-0ccc-466d-bb14-37afe31c7081] activerecord (5.2.0) lib/active_record/model_schema.rb:346:in `attribute_types'
[edd92c6b-0ccc-466d-bb14-37afe31c7081] activerecord (5.2.0) lib/active_record/attribute_methods.rb:230:in `has_attribute?'
[edd92c6b-0ccc-466d-bb14-37afe31c7081] activerecord (5.2.0) lib/active_record/inheritance.rb:55:in `new'
[edd92c6b-0ccc-466d-bb14-37afe31c7081] devise (4.4.3) app/controllers/devise/sessions_controller.rb:11:in `new'
[edd92c6b-0ccc-466d-bb14-37afe31c7081] actionpack (5.2.0) lib/action_controller/metal/basic_implicit_render.rb:6:in `send_action'
[edd92c6b-0ccc-466d-bb14-37afe31c7081] actionpack (5.2.0) lib/abstract_controller/base.rb:194:in `process_action'
[edd92c6b-0ccc-466d-bb14-37afe31c7081] actionpack (5.2.0) lib/action_controller/metal/rendering.rb:30:in `process_action'
[edd92c6b-0ccc-466d-bb14-37afe31c7081] actionpack (5.2.0) lib/abstract_controller/callbacks.rb:42:in `block in process_action'
[edd92c6b-0ccc-466d-bb14-37afe31c7081] activesupport (5.2.0) lib/active_support/callbacks.rb:132:in `run_callbacks'
[edd92c6b-0ccc-466d-bb14-37afe31c7081] actionpack (5.2.0) lib/abstract_controller/callbacks.rb:41:in `process_action'
[edd92c6b-0ccc-466d-bb14-37afe31c7081] actionpack (5.2.0) lib/action_controller/metal/rescue.rb:22:in `process_action'
[edd92c6b-0ccc-466d-bb14-37afe31c7081] actionpack (5.2.0) lib/action_controller/metal/instrumentation.rb:34:in `block in process_action'
[edd92c6b-0ccc-466d-bb14-37afe31c7081] activesupport (5.2.0) lib/active_support/notifications.rb:168:in `block in instrument'
[edd92c6b-0ccc-466d-bb14-37afe31c7081] activesupport (5.2.0) lib/active_support/notifications/instrumenter.rb:23:in `instrument'
[edd92c6b-0ccc-466d-bb14-37afe31c7081] activesupport (5.2.0) lib/active_support/notifications.rb:168:in `instrument'
[edd92c6b-0ccc-466d-bb14-37afe31c7081] actionpack (5.2.0) lib/action_controller/metal/instrumentation.rb:32:in `process_action'
[edd92c6b-0ccc-466d-bb14-37afe31c7081] actionpack (5.2.0) lib/action_controller/metal/params_wrapper.rb:256:in `process_action'
[edd92c6b-0ccc-466d-bb14-37afe31c7081] activerecord (5.2.0) lib/active_record/railties/controller_runtime.rb:24:in `process_action'
[edd92c6b-0ccc-466d-bb14-37afe31c7081] actionpack (5.2.0) lib/abstract_controller/base.rb:134:in `process'
[edd92c6b-0ccc-466d-bb14-37afe31c7081] actionview (5.2.0) lib/action_view/rendering.rb:32:in `process'
[edd92c6b-0ccc-466d-bb14-37afe31c7081] actionpack (5.2.0) lib/action_controller/metal.rb:191:in `dispatch'
[edd92c6b-0ccc-466d-bb14-37afe31c7081] actionpack (5.2.0) lib/action_controller/metal.rb:252:in `dispatch'
[edd92c6b-0ccc-466d-bb14-37afe31c7081] actionpack (5.2.0) lib/action_dispatch/routing/route_set.rb:52:in `dispatch'
[edd92c6b-0ccc-466d-bb14-37afe31c7081] actionpack (5.2.0) lib/action_dispatch/routing/route_set.rb:34:in `serve'
[edd92c6b-0ccc-466d-bb14-37afe31c7081] actionpack (5.2.0) lib/action_dispatch/routing/mapper.rb:18:in `block in <class:Constraints>'
[edd92c6b-0ccc-466d-bb14-37afe31c7081] actionpack (5.2.0) lib/action_dispatch/routing/mapper.rb:48:in `serve'
[edd92c6b-0ccc-466d-bb14-37afe31c7081] actionpack (5.2.0) lib/action_dispatch/journey/router.rb:52:in `block in serve'
[edd92c6b-0ccc-466d-bb14-37afe31c7081] actionpack (5.2.0) lib/action_dispatch/journey/router.rb:35:in `each'
[edd92c6b-0ccc-466d-bb14-37afe31c7081] actionpack (5.2.0) lib/action_dispatch/journey/router.rb:35:in `serve'
[edd92c6b-0ccc-466d-bb14-37afe31c7081] actionpack (5.2.0) lib/action_dispatch/routing/route_set.rb:840:in `call'
[edd92c6b-0ccc-466d-bb14-37afe31c7081] warden (1.2.7) lib/warden/manager.rb:36:in `block in call'
[edd92c6b-0ccc-466d-bb14-37afe31c7081] warden (1.2.7) lib/warden/manager.rb:35:in `catch'
[edd92c6b-0ccc-466d-bb14-37afe31c7081] warden (1.2.7) lib/warden/manager.rb:35:in `call'
[edd92c6b-0ccc-466d-bb14-37afe31c7081] rack (2.0.5) lib/rack/tempfile_reaper.rb:15:in `call'
[edd92c6b-0ccc-466d-bb14-37afe31c7081] rack (2.0.5) lib/rack/etag.rb:25:in `call'
[edd92c6b-0ccc-466d-bb14-37afe31c7081] rack (2.0.5) lib/rack/conditional_get.rb:25:in `call'
[edd92c6b-0ccc-466d-bb14-37afe31c7081] rack (2.0.5) lib/rack/head.rb:12:in `call'
[edd92c6b-0ccc-466d-bb14-37afe31c7081] actionpack (5.2.0) lib/action_dispatch/http/content_security_policy.rb:18:in `call'
[edd92c6b-0ccc-466d-bb14-37afe31c7081] rack (2.0.5) lib/rack/session/abstract/id.rb:232:in `context'
[edd92c6b-0ccc-466d-bb14-37afe31c7081] rack (2.0.5) lib/rack/session/abstract/id.rb:226:in `call'
[edd92c6b-0ccc-466d-bb14-37afe31c7081] actionpack (5.2.0) lib/action_dispatch/middleware/cookies.rb:670:in `call'
[edd92c6b-0ccc-466d-bb14-37afe31c7081] actionpack (5.2.0) lib/action_dispatch/middleware/callbacks.rb:28:in `block in call'
[edd92c6b-0ccc-466d-bb14-37afe31c7081] activesupport (5.2.0) lib/active_support/callbacks.rb:98:in `run_callbacks'
[edd92c6b-0ccc-466d-bb14-37afe31c7081] actionpack (5.2.0) lib/action_dispatch/middleware/callbacks.rb:26:in `call'
[edd92c6b-0ccc-466d-bb14-37afe31c7081] actionpack (5.2.0) lib/action_dispatch/middleware/debug_exceptions.rb:61:in `call'
[edd92c6b-0ccc-466d-bb14-37afe31c7081] actionpack (5.2.0) lib/action_dispatch/middleware/show_exceptions.rb:33:in `call'
[edd92c6b-0ccc-466d-bb14-37afe31c7081] railties (5.2.0) lib/rails/rack/logger.rb:38:in `call_app'
[edd92c6b-0ccc-466d-bb14-37afe31c7081] railties (5.2.0) lib/rails/rack/logger.rb:26:in `block in call'
[edd92c6b-0ccc-466d-bb14-37afe31c7081] activesupport (5.2.0) lib/active_support/tagged_logging.rb:71:in `block in tagged'
[edd92c6b-0ccc-466d-bb14-37afe31c7081] activesupport (5.2.0) lib/active_support/tagged_logging.rb:28:in `tagged'
[edd92c6b-0ccc-466d-bb14-37afe31c7081] activesupport (5.2.0) lib/active_support/tagged_logging.rb:71:in `tagged'
[edd92c6b-0ccc-466d-bb14-37afe31c7081] railties (5.2.0) lib/rails/rack/logger.rb:26:in `call'
[edd92c6b-0ccc-466d-bb14-37afe31c7081] actionpack (5.2.0) lib/action_dispatch/middleware/remote_ip.rb:81:in `call'
[edd92c6b-0ccc-466d-bb14-37afe31c7081] actionpack (5.2.0) lib/action_dispatch/middleware/request_id.rb:27:in `call'
[edd92c6b-0ccc-466d-bb14-37afe31c7081] rack (2.0.5) lib/rack/method_override.rb:22:in `call'
[edd92c6b-0ccc-466d-bb14-37afe31c7081] rack (2.0.5) lib/rack/runtime.rb:22:in `call'
[edd92c6b-0ccc-466d-bb14-37afe31c7081] activesupport (5.2.0) lib/active_support/cache/strategy/local_cache_middleware.rb:29:in `call'
[edd92c6b-0ccc-466d-bb14-37afe31c7081] actionpack (5.2.0) lib/action_dispatch/middleware/executor.rb:14:in `call'
[edd92c6b-0ccc-466d-bb14-37afe31c7081] rack (2.0.5) lib/rack/sendfile.rb:111:in `call'
[edd92c6b-0ccc-466d-bb14-37afe31c7081] railties (5.2.0) lib/rails/engine.rb:524:in `call'
[edd92c6b-0ccc-466d-bb14-37afe31c7081] puma (3.11.4) lib/puma/configuration.rb:225:in `call'
[edd92c6b-0ccc-466d-bb14-37afe31c7081] puma (3.11.4) lib/puma/server.rb:632:in `handle_request'
[edd92c6b-0ccc-466d-bb14-37afe31c7081] puma (3.11.4) lib/puma/server.rb:446:in `process_client'
[edd92c6b-0ccc-466d-bb14-37afe31c7081] puma (3.11.4) lib/puma/server.rb:306:in `block in run'
[edd92c6b-0ccc-466d-bb14-37afe31c7081] puma (3.11.4) lib/puma/thread_pool.rb:120:in `block in spawn_thread'
I, [2018-05-29T13:14:12.768748 #5013]  INFO -- : [63454233-3c79-4a35-b306-7ae463d7db8f] Started GET "/users/sign_in" for 127.0.0.1 at 2018-05-29 13:14:12 +0200
I, [2018-05-29T13:14:12.769821 #5013]  INFO -- : [63454233-3c79-4a35-b306-7ae463d7db8f] Processing by Devise::SessionsController#new as HTML
I, [2018-05-29T13:14:12.771391 #5013]  INFO -- : [63454233-3c79-4a35-b306-7ae463d7db8f] Completed 500 Internal Server Error in 1ms (ActiveRecord: 0.1ms)
F, [2018-05-29T13:14:12.772406 #5013] FATAL -- : [63454233-3c79-4a35-b306-7ae463d7db8f]   
F, [2018-05-29T13:14:12.772474 #5013] FATAL -- : [63454233-3c79-4a35-b306-7ae463d7db8f] ActiveRecord::StatementInvalid (Could not find table 'users'):
F, [2018-05-29T13:14:12.772529 #5013] FATAL -- : [63454233-3c79-4a35-b306-7ae463d7db8f]   
F, [2018-05-29T13:14:12.772601 #5013] FATAL -- : [63454233-3c79-4a35-b306-7ae463d7db8f] activerecord (5.2.0) lib/active_record/connection_adapters/sqlite3_adapter.rb:397:in `table_structure'
[63454233-3c79-4a35-b306-7ae463d7db8f] activerecord (5.2.0) lib/active_record/connection_adapters/abstract/schema_statements.rb:113:in `columns'
[63454233-3c79-4a35-b306-7ae463d7db8f] activerecord (5.2.0) lib/active_record/connection_adapters/schema_cache.rb:69:in `columns'
[63454233-3c79-4a35-b306-7ae463d7db8f] activerecord (5.2.0) lib/active_record/connection_adapters/schema_cache.rb:75:in `columns_hash'
[63454233-3c79-4a35-b306-7ae463d7db8f] activerecord (5.2.0) lib/active_record/model_schema.rb:466:in `load_schema!'
[63454233-3c79-4a35-b306-7ae463d7db8f] activerecord (5.2.0) lib/active_record/attributes.rb:234:in `load_schema!'
[63454233-3c79-4a35-b306-7ae463d7db8f] activerecord (5.2.0) lib/active_record/attribute_decorators.rb:51:in `load_schema!'
[63454233-3c79-4a35-b306-7ae463d7db8f] activerecord (5.2.0) lib/active_record/model_schema.rb:459:in `block in load_schema'
[63454233-3c79-4a35-b306-7ae463d7db8f] /home/malus/.rvm/rubies/ruby-2.3.4/lib/ruby/2.3.0/monitor.rb:214:in `mon_synchronize'
[63454233-3c79-4a35-b306-7ae463d7db8f] activerecord (5.2.0) lib/active_record/model_schema.rb:456:in `load_schema'
[63454233-3c79-4a35-b306-7ae463d7db8f] activerecord (5.2.0) lib/active_record/model_schema.rb:346:in `attribute_types'
[63454233-3c79-4a35-b306-7ae463d7db8f] activerecord (5.2.0) lib/active_record/attribute_methods.rb:230:in `has_attribute?'
[63454233-3c79-4a35-b306-7ae463d7db8f] activerecord (5.2.0) lib/active_record/inheritance.rb:55:in `new'
[63454233-3c79-4a35-b306-7ae463d7db8f] devise (4.4.3) app/controllers/devise/sessions_controller.rb:11:in `new'
[63454233-3c79-4a35-b306-7ae463d7db8f] actionpack (5.2.0) lib/action_controller/metal/basic_implicit_render.rb:6:in `send_action'
[63454233-3c79-4a35-b306-7ae463d7db8f] actionpack (5.2.0) lib/abstract_controller/base.rb:194:in `process_action'
[63454233-3c79-4a35-b306-7ae463d7db8f] actionpack (5.2.0) lib/action_controller/metal/rendering.rb:30:in `process_action'
[63454233-3c79-4a35-b306-7ae463d7db8f] actionpack (5.2.0) lib/abstract_controller/callbacks.rb:42:in `block in process_action'
[63454233-3c79-4a35-b306-7ae463d7db8f] activesupport (5.2.0) lib/active_support/callbacks.rb:132:in `run_callbacks'
[63454233-3c79-4a35-b306-7ae463d7db8f] actionpack (5.2.0) lib/abstract_controller/callbacks.rb:41:in `process_action'
[63454233-3c79-4a35-b306-7ae463d7db8f] actionpack (5.2.0) lib/action_controller/metal/rescue.rb:22:in `process_action'
[63454233-3c79-4a35-b306-7ae463d7db8f] actionpack (5.2.0) lib/action_controller/metal/instrumentation.rb:34:in `block in process_action'
[63454233-3c79-4a35-b306-7ae463d7db8f] activesupport (5.2.0) lib/active_support/notifications.rb:168:in `block in instrument'
[63454233-3c79-4a35-b306-7ae463d7db8f] activesupport (5.2.0) lib/active_support/notifications/instrumenter.rb:23:in `instrument'
[63454233-3c79-4a35-b306-7ae463d7db8f] activesupport (5.2.0) lib/active_support/notifications.rb:168:in `instrument'
[63454233-3c79-4a35-b306-7ae463d7db8f] actionpack (5.2.0) lib/action_controller/metal/instrumentation.rb:32:in `process_action'
[63454233-3c79-4a35-b306-7ae463d7db8f] actionpack (5.2.0) lib/action_controller/metal/params_wrapper.rb:256:in `process_action'
[63454233-3c79-4a35-b306-7ae463d7db8f] activerecord (5.2.0) lib/active_record/railties/controller_runtime.rb:24:in `process_action'
[63454233-3c79-4a35-b306-7ae463d7db8f] actionpack (5.2.0) lib/abstract_controller/base.rb:134:in `process'
[63454233-3c79-4a35-b306-7ae463d7db8f] actionview (5.2.0) lib/action_view/rendering.rb:32:in `process'
[63454233-3c79-4a35-b306-7ae463d7db8f] actionpack (5.2.0) lib/action_controller/metal.rb:191:in `dispatch'
[63454233-3c79-4a35-b306-7ae463d7db8f] actionpack (5.2.0) lib/action_controller/metal.rb:252:in `dispatch'
[63454233-3c79-4a35-b306-7ae463d7db8f] actionpack (5.2.0) lib/action_dispatch/routing/route_set.rb:52:in `dispatch'
[63454233-3c79-4a35-b306-7ae463d7db8f] actionpack (5.2.0) lib/action_dispatch/routing/route_set.rb:34:in `serve'
[63454233-3c79-4a35-b306-7ae463d7db8f] actionpack (5.2.0) lib/action_dispatch/routing/mapper.rb:18:in `block in <class:Constraints>'
[63454233-3c79-4a35-b306-7ae463d7db8f] actionpack (5.2.0) lib/action_dispatch/routing/mapper.rb:48:in `serve'
[63454233-3c79-4a35-b306-7ae463d7db8f] actionpack (5.2.0) lib/action_dispatch/journey/router.rb:52:in `block in serve'
[63454233-3c79-4a35-b306-7ae463d7db8f] actionpack (5.2.0) lib/action_dispatch/journey/router.rb:35:in `each'
[63454233-3c79-4a35-b306-7ae463d7db8f] actionpack (5.2.0) lib/action_dispatch/journey/router.rb:35:in `serve'
[63454233-3c79-4a35-b306-7ae463d7db8f] actionpack (5.2.0) lib/action_dispatch/routing/route_set.rb:840:in `call'
[63454233-3c79-4a35-b306-7ae463d7db8f] warden (1.2.7) lib/warden/manager.rb:36:in `block in call'
[63454233-3c79-4a35-b306-7ae463d7db8f] warden (1.2.7) lib/warden/manager.rb:35:in `catch'
[63454233-3c79-4a35-b306-7ae463d7db8f] warden (1.2.7) lib/warden/manager.rb:35:in `call'
[63454233-3c79-4a35-b306-7ae463d7db8f] rack (2.0.5) lib/rack/tempfile_reaper.rb:15:in `call'
[63454233-3c79-4a35-b306-7ae463d7db8f] rack (2.0.5) lib/rack/etag.rb:25:in `call'
[63454233-3c79-4a35-b306-7ae463d7db8f] rack (2.0.5) lib/rack/conditional_get.rb:25:in `call'
[63454233-3c79-4a35-b306-7ae463d7db8f] rack (2.0.5) lib/rack/head.rb:12:in `call'
[63454233-3c79-4a35-b306-7ae463d7db8f] actionpack (5.2.0) lib/action_dispatch/http/content_security_policy.rb:18:in `call'
[63454233-3c79-4a35-b306-7ae463d7db8f] rack (2.0.5) lib/rack/session/abstract/id.rb:232:in `context'
[63454233-3c79-4a35-b306-7ae463d7db8f] rack (2.0.5) lib/rack/session/abstract/id.rb:226:in `call'
[63454233-3c79-4a35-b306-7ae463d7db8f] actionpack (5.2.0) lib/action_dispatch/middleware/cookies.rb:670:in `call'
[63454233-3c79-4a35-b306-7ae463d7db8f] actionpack (5.2.0) lib/action_dispatch/middleware/callbacks.rb:28:in `block in call'
[63454233-3c79-4a35-b306-7ae463d7db8f] activesupport (5.2.0) lib/active_support/callbacks.rb:98:in `run_callbacks'
[63454233-3c79-4a35-b306-7ae463d7db8f] actionpack (5.2.0) lib/action_dispatch/middleware/callbacks.rb:26:in `call'
[63454233-3c79-4a35-b306-7ae463d7db8f] actionpack (5.2.0) lib/action_dispatch/middleware/debug_exceptions.rb:61:in `call'
[63454233-3c79-4a35-b306-7ae463d7db8f] actionpack (5.2.0) lib/action_dispatch/middleware/show_exceptions.rb:33:in `call'
[63454233-3c79-4a35-b306-7ae463d7db8f] railties (5.2.0) lib/rails/rack/logger.rb:38:in `call_app'
[63454233-3c79-4a35-b306-7ae463d7db8f] railties (5.2.0) lib/rails/rack/logger.rb:26:in `block in call'
[63454233-3c79-4a35-b306-7ae463d7db8f] activesupport (5.2.0) lib/active_support/tagged_logging.rb:71:in `block in tagged'
[63454233-3c79-4a35-b306-7ae463d7db8f] activesupport (5.2.0) lib/active_support/tagged_logging.rb:28:in `tagged'
[63454233-3c79-4a35-b306-7ae463d7db8f] activesupport (5.2.0) lib/active_support/tagged_logging.rb:71:in `tagged'
[63454233-3c79-4a35-b306-7ae463d7db8f] railties (5.2.0) lib/rails/rack/logger.rb:26:in `call'
[63454233-3c79-4a35-b306-7ae463d7db8f] actionpack (5.2.0) lib/action_dispatch/middleware/remote_ip.rb:81:in `call'
[63454233-3c79-4a35-b306-7ae463d7db8f] actionpack (5.2.0) lib/action_dispatch/middleware/request_id.rb:27:in `call'
[63454233-3c79-4a35-b306-7ae463d7db8f] rack (2.0.5) lib/rack/method_override.rb:22:in `call'
[63454233-3c79-4a35-b306-7ae463d7db8f] rack (2.0.5) lib/rack/runtime.rb:22:in `call'
[63454233-3c79-4a35-b306-7ae463d7db8f] activesupport (5.2.0) lib/active_support/cache/strategy/local_cache_middleware.rb:29:in `call'
[63454233-3c79-4a35-b306-7ae463d7db8f] actionpack (5.2.0) lib/action_dispatch/middleware/executor.rb:14:in `call'
[63454233-3c79-4a35-b306-7ae463d7db8f] rack (2.0.5) lib/rack/sendfile.rb:111:in `call'
[63454233-3c79-4a35-b306-7ae463d7db8f] railties (5.2.0) lib/rails/engine.rb:524:in `call'
[63454233-3c79-4a35-b306-7ae463d7db8f] puma (3.11.4) lib/puma/configuration.rb:225:in `call'
[63454233-3c79-4a35-b306-7ae463d7db8f] puma (3.11.4) lib/puma/server.rb:632:in `handle_request'
[63454233-3c79-4a35-b306-7ae463d7db8f] puma (3.11.4) lib/puma/server.rb:446:in `process_client'
[63454233-3c79-4a35-b306-7ae463d7db8f] puma (3.11.4) lib/puma/server.rb:306:in `block in run'
[63454233-3c79-4a35-b306-7ae463d7db8f] puma (3.11.4) lib/puma/thread_pool.rb:120:in `block in spawn_thread'
I, [2018-05-29T13:14:18.225011 #5013]  INFO -- : [6db5b693-5f47-48d6-ad03-c47e417ec168] Started GET "/users/" for 127.0.0.1 at 2018-05-29 13:14:18 +0200
F, [2018-05-29T13:14:18.225843 #5013] FATAL -- : [6db5b693-5f47-48d6-ad03-c47e417ec168]   
F, [2018-05-29T13:14:18.226076 #5013] FATAL -- : [6db5b693-5f47-48d6-ad03-c47e417ec168] ActionController::RoutingError (No route matches [GET] "/users"):
F, [2018-05-29T13:14:18.226211 #5013] FATAL -- : [6db5b693-5f47-48d6-ad03-c47e417ec168]   
F, [2018-05-29T13:14:18.226320 #5013] FATAL -- : [6db5b693-5f47-48d6-ad03-c47e417ec168] actionpack (5.2.0) lib/action_dispatch/middleware/debug_exceptions.rb:65:in `call'
[6db5b693-5f47-48d6-ad03-c47e417ec168] actionpack (5.2.0) lib/action_dispatch/middleware/show_exceptions.rb:33:in `call'
[6db5b693-5f47-48d6-ad03-c47e417ec168] railties (5.2.0) lib/rails/rack/logger.rb:38:in `call_app'
[6db5b693-5f47-48d6-ad03-c47e417ec168] railties (5.2.0) lib/rails/rack/logger.rb:26:in `block in call'
[6db5b693-5f47-48d6-ad03-c47e417ec168] activesupport (5.2.0) lib/active_support/tagged_logging.rb:71:in `block in tagged'
[6db5b693-5f47-48d6-ad03-c47e417ec168] activesupport (5.2.0) lib/active_support/tagged_logging.rb:28:in `tagged'
[6db5b693-5f47-48d6-ad03-c47e417ec168] activesupport (5.2.0) lib/active_support/tagged_logging.rb:71:in `tagged'
[6db5b693-5f47-48d6-ad03-c47e417ec168] railties (5.2.0) lib/rails/rack/logger.rb:26:in `call'
[6db5b693-5f47-48d6-ad03-c47e417ec168] actionpack (5.2.0) lib/action_dispatch/middleware/remote_ip.rb:81:in `call'
[6db5b693-5f47-48d6-ad03-c47e417ec168] actionpack (5.2.0) lib/action_dispatch/middleware/request_id.rb:27:in `call'
[6db5b693-5f47-48d6-ad03-c47e417ec168] rack (2.0.5) lib/rack/method_override.rb:22:in `call'
[6db5b693-5f47-48d6-ad03-c47e417ec168] rack (2.0.5) lib/rack/runtime.rb:22:in `call'
[6db5b693-5f47-48d6-ad03-c47e417ec168] activesupport (5.2.0) lib/active_support/cache/strategy/local_cache_middleware.rb:29:in `call'
[6db5b693-5f47-48d6-ad03-c47e417ec168] actionpack (5.2.0) lib/action_dispatch/middleware/executor.rb:14:in `call'
[6db5b693-5f47-48d6-ad03-c47e417ec168] rack (2.0.5) lib/rack/sendfile.rb:111:in `call'
[6db5b693-5f47-48d6-ad03-c47e417ec168] railties (5.2.0) lib/rails/engine.rb:524:in `call'
[6db5b693-5f47-48d6-ad03-c47e417ec168] puma (3.11.4) lib/puma/configuration.rb:225:in `call'
[6db5b693-5f47-48d6-ad03-c47e417ec168] puma (3.11.4) lib/puma/server.rb:632:in `handle_request'
[6db5b693-5f47-48d6-ad03-c47e417ec168] puma (3.11.4) lib/puma/server.rb:446:in `process_client'
[6db5b693-5f47-48d6-ad03-c47e417ec168] puma (3.11.4) lib/puma/server.rb:306:in `block in run'
[6db5b693-5f47-48d6-ad03-c47e417ec168] puma (3.11.4) lib/puma/thread_pool.rb:120:in `block in spawn_thread'
I, [2018-05-29T13:14:22.587605 #5013]  INFO -- : [22a6482a-9425-4baa-86d0-59f5b58bfe14] Started GET "/" for 127.0.0.1 at 2018-05-29 13:14:22 +0200
I, [2018-05-29T13:14:22.588461 #5013]  INFO -- : [22a6482a-9425-4baa-86d0-59f5b58bfe14] Processing by HomeController#index as HTML
I, [2018-05-29T13:14:22.589553 #5013]  INFO -- : [22a6482a-9425-4baa-86d0-59f5b58bfe14]   Rendering home/index.html.erb within layouts/application
I, [2018-05-29T13:14:22.589766 #5013]  INFO -- : [22a6482a-9425-4baa-86d0-59f5b58bfe14]   Rendered home/index.html.erb within layouts/application (0.0ms)
I, [2018-05-29T13:14:22.590518 #5013]  INFO -- : [22a6482a-9425-4baa-86d0-59f5b58bfe14] Completed 200 OK in 2ms (Views: 1.2ms | ActiveRecord: 0.0ms)
I, [2018-05-29T13:15:08.784931 #5111]  INFO -- : [8c8bd691-8e76-4c20-aee1-8fb5fa7908e5] Started GET "/users/sign_up" for 127.0.0.1 at 2018-05-29 13:15:08 +0200
I, [2018-05-29T13:15:08.788511 #5111]  INFO -- : [8c8bd691-8e76-4c20-aee1-8fb5fa7908e5] Processing by Devise::RegistrationsController#new as HTML
I, [2018-05-29T13:15:08.802148 #5111]  INFO -- : [8c8bd691-8e76-4c20-aee1-8fb5fa7908e5] Completed 500 Internal Server Error in 13ms (ActiveRecord: 0.7ms)
F, [2018-05-29T13:15:08.803339 #5111] FATAL -- : [8c8bd691-8e76-4c20-aee1-8fb5fa7908e5]   
F, [2018-05-29T13:15:08.803408 #5111] FATAL -- : [8c8bd691-8e76-4c20-aee1-8fb5fa7908e5] ActiveRecord::StatementInvalid (Could not find table 'users'):
F, [2018-05-29T13:15:08.803462 #5111] FATAL -- : [8c8bd691-8e76-4c20-aee1-8fb5fa7908e5]   
F, [2018-05-29T13:15:08.803566 #5111] FATAL -- : [8c8bd691-8e76-4c20-aee1-8fb5fa7908e5] activerecord (5.2.0) lib/active_record/connection_adapters/sqlite3_adapter.rb:397:in `table_structure'
[8c8bd691-8e76-4c20-aee1-8fb5fa7908e5] activerecord (5.2.0) lib/active_record/connection_adapters/abstract/schema_statements.rb:113:in `columns'
[8c8bd691-8e76-4c20-aee1-8fb5fa7908e5] activerecord (5.2.0) lib/active_record/connection_adapters/schema_cache.rb:69:in `columns'
[8c8bd691-8e76-4c20-aee1-8fb5fa7908e5] activerecord (5.2.0) lib/active_record/connection_adapters/schema_cache.rb:75:in `columns_hash'
[8c8bd691-8e76-4c20-aee1-8fb5fa7908e5] activerecord (5.2.0) lib/active_record/model_schema.rb:466:in `load_schema!'
[8c8bd691-8e76-4c20-aee1-8fb5fa7908e5] activerecord (5.2.0) lib/active_record/attributes.rb:234:in `load_schema!'
[8c8bd691-8e76-4c20-aee1-8fb5fa7908e5] activerecord (5.2.0) lib/active_record/attribute_decorators.rb:51:in `load_schema!'
[8c8bd691-8e76-4c20-aee1-8fb5fa7908e5] activerecord (5.2.0) lib/active_record/model_schema.rb:459:in `block in load_schema'
[8c8bd691-8e76-4c20-aee1-8fb5fa7908e5] /home/malus/.rvm/rubies/ruby-2.3.4/lib/ruby/2.3.0/monitor.rb:214:in `mon_synchronize'
[8c8bd691-8e76-4c20-aee1-8fb5fa7908e5] activerecord (5.2.0) lib/active_record/model_schema.rb:456:in `load_schema'
[8c8bd691-8e76-4c20-aee1-8fb5fa7908e5] activerecord (5.2.0) lib/active_record/model_schema.rb:346:in `attribute_types'
[8c8bd691-8e76-4c20-aee1-8fb5fa7908e5] activerecord (5.2.0) lib/active_record/attribute_methods.rb:230:in `has_attribute?'
[8c8bd691-8e76-4c20-aee1-8fb5fa7908e5] activerecord (5.2.0) lib/active_record/inheritance.rb:55:in `new'
[8c8bd691-8e76-4c20-aee1-8fb5fa7908e5] devise (4.4.3) lib/devise/models/registerable.rb:22:in `new_with_session'
[8c8bd691-8e76-4c20-aee1-8fb5fa7908e5] devise (4.4.3) app/controllers/devise/registrations_controller.rb:103:in `build_resource'
[8c8bd691-8e76-4c20-aee1-8fb5fa7908e5] devise (4.4.3) app/controllers/devise/registrations_controller.rb:10:in `new'
[8c8bd691-8e76-4c20-aee1-8fb5fa7908e5] actionpack (5.2.0) lib/action_controller/metal/basic_implicit_render.rb:6:in `send_action'
[8c8bd691-8e76-4c20-aee1-8fb5fa7908e5] actionpack (5.2.0) lib/abstract_controller/base.rb:194:in `process_action'
[8c8bd691-8e76-4c20-aee1-8fb5fa7908e5] actionpack (5.2.0) lib/action_controller/metal/rendering.rb:30:in `process_action'
[8c8bd691-8e76-4c20-aee1-8fb5fa7908e5] actionpack (5.2.0) lib/abstract_controller/callbacks.rb:42:in `block in process_action'
[8c8bd691-8e76-4c20-aee1-8fb5fa7908e5] activesupport (5.2.0) lib/active_support/callbacks.rb:132:in `run_callbacks'
[8c8bd691-8e76-4c20-aee1-8fb5fa7908e5] actionpack (5.2.0) lib/abstract_controller/callbacks.rb:41:in `process_action'
[8c8bd691-8e76-4c20-aee1-8fb5fa7908e5] actionpack (5.2.0) lib/action_controller/metal/rescue.rb:22:in `process_action'
[8c8bd691-8e76-4c20-aee1-8fb5fa7908e5] actionpack (5.2.0) lib/action_controller/metal/instrumentation.rb:34:in `block in process_action'
[8c8bd691-8e76-4c20-aee1-8fb5fa7908e5] activesupport (5.2.0) lib/active_support/notifications.rb:168:in `block in instrument'
[8c8bd691-8e76-4c20-aee1-8fb5fa7908e5] activesupport (5.2.0) lib/active_support/notifications/instrumenter.rb:23:in `instrument'
[8c8bd691-8e76-4c20-aee1-8fb5fa7908e5] activesupport (5.2.0) lib/active_support/notifications.rb:168:in `instrument'
[8c8bd691-8e76-4c20-aee1-8fb5fa7908e5] actionpack (5.2.0) lib/action_controller/metal/instrumentation.rb:32:in `process_action'
[8c8bd691-8e76-4c20-aee1-8fb5fa7908e5] actionpack (5.2.0) lib/action_controller/metal/params_wrapper.rb:256:in `process_action'
[8c8bd691-8e76-4c20-aee1-8fb5fa7908e5] activerecord (5.2.0) lib/active_record/railties/controller_runtime.rb:24:in `process_action'
[8c8bd691-8e76-4c20-aee1-8fb5fa7908e5] actionpack (5.2.0) lib/abstract_controller/base.rb:134:in `process'
[8c8bd691-8e76-4c20-aee1-8fb5fa7908e5] actionview (5.2.0) lib/action_view/rendering.rb:32:in `process'
[8c8bd691-8e76-4c20-aee1-8fb5fa7908e5] actionpack (5.2.0) lib/action_controller/metal.rb:191:in `dispatch'
[8c8bd691-8e76-4c20-aee1-8fb5fa7908e5] actionpack (5.2.0) lib/action_controller/metal.rb:252:in `dispatch'
[8c8bd691-8e76-4c20-aee1-8fb5fa7908e5] actionpack (5.2.0) lib/action_dispatch/routing/route_set.rb:52:in `dispatch'
[8c8bd691-8e76-4c20-aee1-8fb5fa7908e5] actionpack (5.2.0) lib/action_dispatch/routing/route_set.rb:34:in `serve'
[8c8bd691-8e76-4c20-aee1-8fb5fa7908e5] actionpack (5.2.0) lib/action_dispatch/routing/mapper.rb:18:in `block in <class:Constraints>'
[8c8bd691-8e76-4c20-aee1-8fb5fa7908e5] actionpack (5.2.0) lib/action_dispatch/routing/mapper.rb:48:in `serve'
[8c8bd691-8e76-4c20-aee1-8fb5fa7908e5] actionpack (5.2.0) lib/action_dispatch/journey/router.rb:52:in `block in serve'
[8c8bd691-8e76-4c20-aee1-8fb5fa7908e5] actionpack (5.2.0) lib/action_dispatch/journey/router.rb:35:in `each'
[8c8bd691-8e76-4c20-aee1-8fb5fa7908e5] actionpack (5.2.0) lib/action_dispatch/journey/router.rb:35:in `serve'
[8c8bd691-8e76-4c20-aee1-8fb5fa7908e5] actionpack (5.2.0) lib/action_dispatch/routing/route_set.rb:840:in `call'
[8c8bd691-8e76-4c20-aee1-8fb5fa7908e5] warden (1.2.7) lib/warden/manager.rb:36:in `block in call'
[8c8bd691-8e76-4c20-aee1-8fb5fa7908e5] warden (1.2.7) lib/warden/manager.rb:35:in `catch'
[8c8bd691-8e76-4c20-aee1-8fb5fa7908e5] warden (1.2.7) lib/warden/manager.rb:35:in `call'
[8c8bd691-8e76-4c20-aee1-8fb5fa7908e5] rack (2.0.5) lib/rack/tempfile_reaper.rb:15:in `call'
[8c8bd691-8e76-4c20-aee1-8fb5fa7908e5] rack (2.0.5) lib/rack/etag.rb:25:in `call'
[8c8bd691-8e76-4c20-aee1-8fb5fa7908e5] rack (2.0.5) lib/rack/conditional_get.rb:25:in `call'
[8c8bd691-8e76-4c20-aee1-8fb5fa7908e5] rack (2.0.5) lib/rack/head.rb:12:in `call'
[8c8bd691-8e76-4c20-aee1-8fb5fa7908e5] actionpack (5.2.0) lib/action_dispatch/http/content_security_policy.rb:18:in `call'
[8c8bd691-8e76-4c20-aee1-8fb5fa7908e5] rack (2.0.5) lib/rack/session/abstract/id.rb:232:in `context'
[8c8bd691-8e76-4c20-aee1-8fb5fa7908e5] rack (2.0.5) lib/rack/session/abstract/id.rb:226:in `call'
[8c8bd691-8e76-4c20-aee1-8fb5fa7908e5] actionpack (5.2.0) lib/action_dispatch/middleware/cookies.rb:670:in `call'
[8c8bd691-8e76-4c20-aee1-8fb5fa7908e5] actionpack (5.2.0) lib/action_dispatch/middleware/callbacks.rb:28:in `block in call'
[8c8bd691-8e76-4c20-aee1-8fb5fa7908e5] activesupport (5.2.0) lib/active_support/callbacks.rb:98:in `run_callbacks'
[8c8bd691-8e76-4c20-aee1-8fb5fa7908e5] actionpack (5.2.0) lib/action_dispatch/middleware/callbacks.rb:26:in `call'
[8c8bd691-8e76-4c20-aee1-8fb5fa7908e5] actionpack (5.2.0) lib/action_dispatch/middleware/debug_exceptions.rb:61:in `call'
[8c8bd691-8e76-4c20-aee1-8fb5fa7908e5] actionpack (5.2.0) lib/action_dispatch/middleware/show_exceptions.rb:33:in `call'
[8c8bd691-8e76-4c20-aee1-8fb5fa7908e5] railties (5.2.0) lib/rails/rack/logger.rb:38:in `call_app'
[8c8bd691-8e76-4c20-aee1-8fb5fa7908e5] railties (5.2.0) lib/rails/rack/logger.rb:26:in `block in call'
[8c8bd691-8e76-4c20-aee1-8fb5fa7908e5] activesupport (5.2.0) lib/active_support/tagged_logging.rb:71:in `block in tagged'
[8c8bd691-8e76-4c20-aee1-8fb5fa7908e5] activesupport (5.2.0) lib/active_support/tagged_logging.rb:28:in `tagged'
[8c8bd691-8e76-4c20-aee1-8fb5fa7908e5] activesupport (5.2.0) lib/active_support/tagged_logging.rb:71:in `tagged'
[8c8bd691-8e76-4c20-aee1-8fb5fa7908e5] railties (5.2.0) lib/rails/rack/logger.rb:26:in `call'
[8c8bd691-8e76-4c20-aee1-8fb5fa7908e5] actionpack (5.2.0) lib/action_dispatch/middleware/remote_ip.rb:81:in `call'
[8c8bd691-8e76-4c20-aee1-8fb5fa7908e5] actionpack (5.2.0) lib/action_dispatch/middleware/request_id.rb:27:in `call'
[8c8bd691-8e76-4c20-aee1-8fb5fa7908e5] rack (2.0.5) lib/rack/method_override.rb:22:in `call'
[8c8bd691-8e76-4c20-aee1-8fb5fa7908e5] rack (2.0.5) lib/rack/runtime.rb:22:in `call'
[8c8bd691-8e76-4c20-aee1-8fb5fa7908e5] activesupport (5.2.0) lib/active_support/cache/strategy/local_cache_middleware.rb:29:in `call'
[8c8bd691-8e76-4c20-aee1-8fb5fa7908e5] actionpack (5.2.0) lib/action_dispatch/middleware/executor.rb:14:in `call'
[8c8bd691-8e76-4c20-aee1-8fb5fa7908e5] rack (2.0.5) lib/rack/sendfile.rb:111:in `call'
[8c8bd691-8e76-4c20-aee1-8fb5fa7908e5] railties (5.2.0) lib/rails/engine.rb:524:in `call'
[8c8bd691-8e76-4c20-aee1-8fb5fa7908e5] puma (3.11.4) lib/puma/configuration.rb:225:in `call'
[8c8bd691-8e76-4c20-aee1-8fb5fa7908e5] puma (3.11.4) lib/puma/server.rb:632:in `handle_request'
[8c8bd691-8e76-4c20-aee1-8fb5fa7908e5] puma (3.11.4) lib/puma/server.rb:446:in `process_client'
[8c8bd691-8e76-4c20-aee1-8fb5fa7908e5] puma (3.11.4) lib/puma/server.rb:306:in `block in run'
[8c8bd691-8e76-4c20-aee1-8fb5fa7908e5] puma (3.11.4) lib/puma/thread_pool.rb:120:in `block in spawn_thread'
D, [2018-05-29T13:16:09.402443 #5255] DEBUG -- :   [1m[35m (0.1ms)[0m  [1m[34mSELECT sqlite_version(*)[0m
D, [2018-05-29T13:16:10.175502 #5255] DEBUG -- :   [1m[35m (772.6ms)[0m  [1m[35mCREATE TABLE "schema_migrations" ("version" varchar NOT NULL PRIMARY KEY)[0m
D, [2018-05-29T13:16:10.260022 #5255] DEBUG -- :   [1m[35m (80.6ms)[0m  [1m[35mCREATE TABLE "ar_internal_metadata" ("key" varchar NOT NULL PRIMARY KEY, "value" varchar, "created_at" datetime NOT NULL, "updated_at" datetime NOT NULL)[0m
D, [2018-05-29T13:16:10.282720 #5255] DEBUG -- :   [1m[35m (0.9ms)[0m  [1m[34mSELECT "schema_migrations"."version" FROM "schema_migrations" ORDER BY "schema_migrations"."version" ASC[0m
I, [2018-05-29T13:16:10.283121 #5255]  INFO -- : Migrating to CreateItems (20180528155528)
D, [2018-05-29T13:16:10.325437 #5255] DEBUG -- :   [1m[35m (0.1ms)[0m  [1m[36mbegin transaction[0m
D, [2018-05-29T13:16:10.331345 #5255] DEBUG -- :   [1m[35m (3.1ms)[0m  [1m[35mCREATE TABLE "items" ("id" integer PRIMARY KEY AUTOINCREMENT NOT NULL, "title" varchar, "description" text, "price" decimal, "image_url" varchar, "created_at" datetime NOT NULL, "updated_at" datetime NOT NULL)[0m
D, [2018-05-29T13:16:10.339889 #5255] DEBUG -- :   [1m[36mActiveRecord::SchemaMigration Create (1.4ms)[0m  [1m[32mINSERT INTO "schema_migrations" ("version") VALUES (?)[0m  [["version", "20180528155528"]]
D, [2018-05-29T13:16:10.454423 #5255] DEBUG -- :   [1m[35m (113.5ms)[0m  [1m[36mcommit transaction[0m
I, [2018-05-29T13:16:10.454970 #5255]  INFO -- : Migrating to DeviseCreateUsers (20180529105843)
D, [2018-05-29T13:16:10.464045 #5255] DEBUG -- :   [1m[35m (0.3ms)[0m  [1m[36mbegin transaction[0m
D, [2018-05-29T13:16:10.475960 #5255] DEBUG -- :   [1m[35m (4.0ms)[0m  [1m[35mCREATE TABLE "users" ("id" integer PRIMARY KEY AUTOINCREMENT NOT NULL, "email" varchar DEFAULT '' NOT NULL, "encrypted_password" varchar DEFAULT '' NOT NULL, "reset_password_token" varchar, "reset_password_sent_at" datetime, "remember_created_at" datetime, "sign_in_count" integer DEFAULT 0 NOT NULL, "current_sign_in_at" datetime, "last_sign_in_at" datetime, "current_sign_in_ip" varchar, "last_sign_in_ip" varchar, "created_at" datetime NOT NULL, "updated_at" datetime NOT NULL)[0m
D, [2018-05-29T13:16:10.478566 #5255] DEBUG -- :   [1m[35m (0.7ms)[0m  [1m[35mCREATE UNIQUE INDEX "index_users_on_email" ON "users" ("email")[0m
D, [2018-05-29T13:16:10.483153 #5255] DEBUG -- :   [1m[35m (0.8ms)[0m  [1m[35mCREATE UNIQUE INDEX "index_users_on_reset_password_token" ON "users" ("reset_password_token")[0m
D, [2018-05-29T13:16:10.488058 #5255] DEBUG -- :   [1m[36mActiveRecord::SchemaMigration Create (1.3ms)[0m  [1m[32mINSERT INTO "schema_migrations" ("version") VALUES (?)[0m  [["version", "20180529105843"]]
D, [2018-05-29T13:16:10.593835 #5255] DEBUG -- :   [1m[35m (104.8ms)[0m  [1m[36mcommit transaction[0m
D, [2018-05-29T13:16:10.606689 #5255] DEBUG -- :   [1m[36mActiveRecord::InternalMetadata Load (1.0ms)[0m  [1m[34mSELECT  "ar_internal_metadata".* FROM "ar_internal_metadata" WHERE "ar_internal_metadata"."key" = ? LIMIT ?[0m  [["key", "environment"], ["LIMIT", 1]]
D, [2018-05-29T13:16:10.617966 #5255] DEBUG -- :   [1m[35m (0.1ms)[0m  [1m[36mbegin transaction[0m
D, [2018-05-29T13:16:10.621327 #5255] DEBUG -- :   [1m[36mActiveRecord::InternalMetadata Create (1.8ms)[0m  [1m[32mINSERT INTO "ar_internal_metadata" ("key", "value", "created_at", "updated_at") VALUES (?, ?, ?, ?)[0m  [["key", "environment"], ["value", "production"], ["created_at", "2018-05-29 11:16:10.618542"], ["updated_at", "2018-05-29 11:16:10.618542"]]
D, [2018-05-29T13:16:11.117750 #5255] DEBUG -- :   [1m[35m (495.9ms)[0m  [1m[36mcommit transaction[0m
I, [2018-05-29T13:16:22.012275 #5272]  INFO -- : [a244b35a-bff5-46bb-83d3-529af6ab5bc7] Started GET "/users/sign_up" for 127.0.0.1 at 2018-05-29 13:16:22 +0200
I, [2018-05-29T13:16:22.015842 #5272]  INFO -- : [a244b35a-bff5-46bb-83d3-529af6ab5bc7] Processing by Devise::RegistrationsController#new as HTML
I, [2018-05-29T13:16:22.055383 #5272]  INFO -- : [a244b35a-bff5-46bb-83d3-529af6ab5bc7]   Rendering /home/malus/.rvm/gems/ruby-2.3.4/gems/devise-4.4.3/app/views/devise/registrations/new.html.erb within layouts/application
I, [2018-05-29T13:16:22.128815 #5272]  INFO -- : [a244b35a-bff5-46bb-83d3-529af6ab5bc7]   Rendered /home/malus/.rvm/gems/ruby-2.3.4/gems/devise-4.4.3/app/views/devise/shared/_links.html.erb (1.0ms)
I, [2018-05-29T13:16:22.128944 #5272]  INFO -- : [a244b35a-bff5-46bb-83d3-529af6ab5bc7]   Rendered /home/malus/.rvm/gems/ruby-2.3.4/gems/devise-4.4.3/app/views/devise/registrations/new.html.erb within layouts/application (73.4ms)
I, [2018-05-29T13:16:22.130343 #5272]  INFO -- : [a244b35a-bff5-46bb-83d3-529af6ab5bc7] Completed 200 OK in 114ms (Views: 85.2ms | ActiveRecord: 2.0ms)
